{"/Users/juliangarcia/Developer/habits-app/backend/app.js": {"path":"/Users/juliangarcia/Developer/habits-app/backend/app.js","statementMap":{"0":{"start":{"line":1,"column":0},"end":{"line":1,"column":31}},"1":{"start":{"line":2,"column":16},"end":{"line":2,"column":34}},"2":{"start":{"line":3,"column":12},"end":{"line":3,"column":21}},"3":{"start":{"line":4,"column":19},"end":{"line":4,"column":41}},"4":{"start":{"line":5,"column":13},"end":{"line":5,"column":28}},"5":{"start":{"line":6,"column":13},"end":{"line":6,"column":28}},"6":{"start":{"line":8,"column":19},"end":{"line":8,"column":50}},"7":{"start":{"line":9,"column":25},"end":{"line":9,"column":62}},"8":{"start":{"line":10,"column":26},"end":{"line":10,"column":64}},"9":{"start":{"line":11,"column":27},"end":{"line":11,"column":66}},"10":{"start":{"line":12,"column":22},"end":{"line":12,"column":56}},"11":{"start":{"line":13,"column":25},"end":{"line":13,"column":62}},"12":{"start":{"line":14,"column":21},"end":{"line":14,"column":58}},"13":{"start":{"line":16,"column":0},"end":{"line":16,"column":16}},"14":{"start":{"line":17,"column":0},"end":{"line":17,"column":27}},"15":{"start":{"line":18,"column":0},"end":{"line":18,"column":29}},"16":{"start":{"line":19,"column":0},"end":{"line":19,"column":41}},"17":{"start":{"line":20,"column":0},"end":{"line":20,"column":43}},"18":{"start":{"line":21,"column":0},"end":{"line":21,"column":45}},"19":{"start":{"line":22,"column":0},"end":{"line":22,"column":35}},"20":{"start":{"line":23,"column":0},"end":{"line":23,"column":41}},"21":{"start":{"line":24,"column":0},"end":{"line":24,"column":55}},"22":{"start":{"line":25,"column":0},"end":{"line":25,"column":22}},"23":{"start":{"line":27,"column":0},"end":{"line":29,"column":3}},"24":{"start":{"line":28,"column":4},"end":{"line":28,"column":59}},"25":{"start":{"line":31,"column":0},"end":{"line":31,"column":21}}},"fnMap":{"0":{"name":"(anonymous_0)","decl":{"start":{"line":27,"column":13},"end":{"line":27,"column":14}},"loc":{"start":{"line":27,"column":27},"end":{"line":29,"column":1}},"line":27}},"branchMap":{},"s":{"0":6,"1":6,"2":6,"3":6,"4":6,"5":6,"6":6,"7":6,"8":6,"9":6,"10":6,"11":6,"12":6,"13":6,"14":6,"15":6,"16":6,"17":6,"18":6,"19":6,"20":6,"21":6,"22":6,"23":6,"24":0,"25":6},"f":{"0":0},"b":{},"_coverageSchema":"1a1c01bbd47fc00a2c39e90264f33305004495a9","hash":"8d2ee6424c5b63d030bf1a7751dd4e32d624950c"}
,"/Users/juliangarcia/Developer/habits-app/backend/controllers/competitionController.js": {"path":"/Users/juliangarcia/Developer/habits-app/backend/controllers/competitionController.js","statementMap":{"0":{"start":{"line":1,"column":27},"end":{"line":1,"column":68}},"1":{"start":{"line":3,"column":26},"end":{"line":11,"column":1}},"2":{"start":{"line":4,"column":19},"end":{"line":4,"column":27}},"3":{"start":{"line":5,"column":24},"end":{"line":5,"column":63}},"4":{"start":{"line":6,"column":4},"end":{"line":10,"column":7}},"5":{"start":{"line":13,"column":27},"end":{"line":20,"column":1}},"6":{"start":{"line":14,"column":25},"end":{"line":14,"column":67}},"7":{"start":{"line":15,"column":4},"end":{"line":19,"column":7}},"8":{"start":{"line":22,"column":27},"end":{"line":30,"column":1}},"9":{"start":{"line":23,"column":19},"end":{"line":23,"column":29}},"10":{"start":{"line":24,"column":24},"end":{"line":24,"column":60}},"11":{"start":{"line":25,"column":4},"end":{"line":29,"column":7}},"12":{"start":{"line":32,"column":26},"end":{"line":41,"column":1}},"13":{"start":{"line":33,"column":19},"end":{"line":33,"column":29}},"14":{"start":{"line":34,"column":19},"end":{"line":34,"column":27}},"15":{"start":{"line":35,"column":24},"end":{"line":35,"column":76}},"16":{"start":{"line":36,"column":4},"end":{"line":40,"column":7}},"17":{"start":{"line":43,"column":26},"end":{"line":50,"column":1}},"18":{"start":{"line":44,"column":19},"end":{"line":44,"column":29}},"19":{"start":{"line":45,"column":4},"end":{"line":45,"column":51}},"20":{"start":{"line":46,"column":4},"end":{"line":49,"column":7}},"21":{"start":{"line":52,"column":0},"end":{"line":58,"column":2}}},"fnMap":{"0":{"name":"(anonymous_0)","decl":{"start":{"line":3,"column":26},"end":{"line":3,"column":27}},"loc":{"start":{"line":3,"column":46},"end":{"line":11,"column":1}},"line":3},"1":{"name":"(anonymous_1)","decl":{"start":{"line":13,"column":27},"end":{"line":13,"column":28}},"loc":{"start":{"line":13,"column":47},"end":{"line":20,"column":1}},"line":13},"2":{"name":"(anonymous_2)","decl":{"start":{"line":22,"column":27},"end":{"line":22,"column":28}},"loc":{"start":{"line":22,"column":47},"end":{"line":30,"column":1}},"line":22},"3":{"name":"(anonymous_3)","decl":{"start":{"line":32,"column":26},"end":{"line":32,"column":27}},"loc":{"start":{"line":32,"column":46},"end":{"line":41,"column":1}},"line":32},"4":{"name":"(anonymous_4)","decl":{"start":{"line":43,"column":26},"end":{"line":43,"column":27}},"loc":{"start":{"line":43,"column":46},"end":{"line":50,"column":1}},"line":43}},"branchMap":{},"s":{"0":6,"1":6,"2":8,"3":8,"4":6,"5":6,"6":2,"7":2,"8":6,"9":3,"10":3,"11":1,"12":6,"13":2,"14":2,"15":2,"16":1,"17":6,"18":2,"19":2,"20":1,"21":6},"f":{"0":8,"1":2,"2":3,"3":2,"4":2},"b":{},"_coverageSchema":"1a1c01bbd47fc00a2c39e90264f33305004495a9","hash":"5cbc63446fd85f317b6b48c994508eba6fb0720f"}
,"/Users/juliangarcia/Developer/habits-app/backend/controllers/participanteController.js": {"path":"/Users/juliangarcia/Developer/habits-app/backend/controllers/participanteController.js","statementMap":{"0":{"start":{"line":1,"column":29},"end":{"line":1,"column":71}},"1":{"start":{"line":3,"column":15},"end":{"line":11,"column":1}},"2":{"start":{"line":4,"column":33},"end":{"line":4,"column":41}},"3":{"start":{"line":5,"column":25},"end":{"line":5,"column":75}},"4":{"start":{"line":6,"column":4},"end":{"line":10,"column":6}},"5":{"start":{"line":13,"column":15},"end":{"line":20,"column":1}},"6":{"start":{"line":14,"column":26},"end":{"line":14,"column":60}},"7":{"start":{"line":15,"column":4},"end":{"line":19,"column":6}},"8":{"start":{"line":22,"column":16},"end":{"line":30,"column":1}},"9":{"start":{"line":23,"column":19},"end":{"line":23,"column":29}},"10":{"start":{"line":24,"column":25},"end":{"line":24,"column":62}},"11":{"start":{"line":25,"column":4},"end":{"line":29,"column":6}},"12":{"start":{"line":32,"column":18},"end":{"line":40,"column":1}},"13":{"start":{"line":33,"column":19},"end":{"line":33,"column":31}},"14":{"start":{"line":34,"column":26},"end":{"line":34,"column":69}},"15":{"start":{"line":35,"column":4},"end":{"line":39,"column":6}},"16":{"start":{"line":42,"column":24},"end":{"line":50,"column":1}},"17":{"start":{"line":43,"column":29},"end":{"line":43,"column":39}},"18":{"start":{"line":44,"column":26},"end":{"line":44,"column":81}},"19":{"start":{"line":45,"column":4},"end":{"line":49,"column":6}},"20":{"start":{"line":52,"column":27},"end":{"line":61,"column":1}},"21":{"start":{"line":53,"column":44},"end":{"line":53,"column":54}},"22":{"start":{"line":54,"column":19},"end":{"line":54,"column":31}},"23":{"start":{"line":55,"column":32},"end":{"line":55,"column":113}},"24":{"start":{"line":56,"column":4},"end":{"line":60,"column":6}},"25":{"start":{"line":63,"column":0},"end":{"line":63,"column":92}}},"fnMap":{"0":{"name":"(anonymous_0)","decl":{"start":{"line":3,"column":15},"end":{"line":3,"column":16}},"loc":{"start":{"line":3,"column":35},"end":{"line":11,"column":1}},"line":3},"1":{"name":"(anonymous_1)","decl":{"start":{"line":13,"column":15},"end":{"line":13,"column":16}},"loc":{"start":{"line":13,"column":35},"end":{"line":20,"column":1}},"line":13},"2":{"name":"(anonymous_2)","decl":{"start":{"line":22,"column":16},"end":{"line":22,"column":17}},"loc":{"start":{"line":22,"column":36},"end":{"line":30,"column":1}},"line":22},"3":{"name":"(anonymous_3)","decl":{"start":{"line":32,"column":18},"end":{"line":32,"column":19}},"loc":{"start":{"line":32,"column":38},"end":{"line":40,"column":1}},"line":32},"4":{"name":"(anonymous_4)","decl":{"start":{"line":42,"column":24},"end":{"line":42,"column":25}},"loc":{"start":{"line":42,"column":44},"end":{"line":50,"column":1}},"line":42},"5":{"name":"(anonymous_5)","decl":{"start":{"line":52,"column":27},"end":{"line":52,"column":28}},"loc":{"start":{"line":52,"column":47},"end":{"line":61,"column":1}},"line":52}},"branchMap":{},"s":{"0":6,"1":6,"2":4,"3":4,"4":1,"5":6,"6":1,"7":1,"8":6,"9":2,"10":2,"11":1,"12":6,"13":0,"14":0,"15":0,"16":6,"17":0,"18":0,"19":0,"20":6,"21":2,"22":2,"23":2,"24":1,"25":6},"f":{"0":4,"1":1,"2":2,"3":0,"4":0,"5":2},"b":{},"_coverageSchema":"1a1c01bbd47fc00a2c39e90264f33305004495a9","hash":"0975f63a7f2884c7315d8971638894d5d979919e"}
,"/Users/juliangarcia/Developer/habits-app/backend/controllers/partidoController.js": {"path":"/Users/juliangarcia/Developer/habits-app/backend/controllers/partidoController.js","statementMap":{"0":{"start":{"line":1,"column":23},"end":{"line":1,"column":60}},"1":{"start":{"line":3,"column":15},"end":{"line":11,"column":1}},"2":{"start":{"line":4,"column":17},"end":{"line":4,"column":25}},"3":{"start":{"line":5,"column":20},"end":{"line":5,"column":55}},"4":{"start":{"line":6,"column":4},"end":{"line":10,"column":7}},"5":{"start":{"line":13,"column":19},"end":{"line":20,"column":1}},"6":{"start":{"line":14,"column":20},"end":{"line":14,"column":63}},"7":{"start":{"line":15,"column":4},"end":{"line":19,"column":7}},"8":{"start":{"line":22,"column":15},"end":{"line":30,"column":1}},"9":{"start":{"line":23,"column":20},"end":{"line":23,"column":29}},"10":{"start":{"line":24,"column":21},"end":{"line":24,"column":57}},"11":{"start":{"line":25,"column":4},"end":{"line":29,"column":7}},"12":{"start":{"line":32,"column":22},"end":{"line":40,"column":1}},"13":{"start":{"line":33,"column":17},"end":{"line":33,"column":25}},"14":{"start":{"line":34,"column":20},"end":{"line":34,"column":70}},"15":{"start":{"line":35,"column":4},"end":{"line":39,"column":7}},"16":{"start":{"line":42,"column":22},"end":{"line":45,"column":1}},"17":{"start":{"line":43,"column":4},"end":{"line":43,"column":54}},"18":{"start":{"line":44,"column":4},"end":{"line":44,"column":34}},"19":{"start":{"line":47,"column":0},"end":{"line":53,"column":1}}},"fnMap":{"0":{"name":"(anonymous_0)","decl":{"start":{"line":3,"column":15},"end":{"line":3,"column":16}},"loc":{"start":{"line":3,"column":34},"end":{"line":11,"column":1}},"line":3},"1":{"name":"(anonymous_1)","decl":{"start":{"line":13,"column":19},"end":{"line":13,"column":20}},"loc":{"start":{"line":13,"column":38},"end":{"line":20,"column":1}},"line":13},"2":{"name":"(anonymous_2)","decl":{"start":{"line":22,"column":15},"end":{"line":22,"column":16}},"loc":{"start":{"line":22,"column":34},"end":{"line":30,"column":1}},"line":22},"3":{"name":"(anonymous_3)","decl":{"start":{"line":32,"column":22},"end":{"line":32,"column":23}},"loc":{"start":{"line":32,"column":41},"end":{"line":40,"column":1}},"line":32},"4":{"name":"(anonymous_4)","decl":{"start":{"line":42,"column":22},"end":{"line":42,"column":23}},"loc":{"start":{"line":42,"column":41},"end":{"line":45,"column":1}},"line":42}},"branchMap":{},"s":{"0":6,"1":6,"2":3,"3":3,"4":2,"5":6,"6":2,"7":1,"8":6,"9":1,"10":1,"11":1,"12":6,"13":2,"14":2,"15":1,"16":6,"17":2,"18":1,"19":6},"f":{"0":3,"1":2,"2":1,"3":2,"4":2},"b":{},"_coverageSchema":"1a1c01bbd47fc00a2c39e90264f33305004495a9","hash":"f2e43453f81f2a7bcbf8d3e430a426eb5473008a"}
,"/Users/juliangarcia/Developer/habits-app/backend/controllers/tournamentController.js": {"path":"/Users/juliangarcia/Developer/habits-app/backend/controllers/tournamentController.js","statementMap":{"0":{"start":{"line":1,"column":26},"end":{"line":1,"column":66}},"1":{"start":{"line":3,"column":25},"end":{"line":11,"column":1}},"2":{"start":{"line":4,"column":17},"end":{"line":4,"column":25}},"3":{"start":{"line":5,"column":23},"end":{"line":5,"column":71}},"4":{"start":{"line":6,"column":4},"end":{"line":10,"column":7}},"5":{"start":{"line":13,"column":22},"end":{"line":20,"column":1}},"6":{"start":{"line":14,"column":23},"end":{"line":14,"column":75}},"7":{"start":{"line":15,"column":4},"end":{"line":19,"column":7}},"8":{"start":{"line":22,"column":15},"end":{"line":29,"column":1}},"9":{"start":{"line":23,"column":24},"end":{"line":23,"column":56}},"10":{"start":{"line":24,"column":4},"end":{"line":28,"column":7}},"11":{"start":{"line":31,"column":25},"end":{"line":43,"column":1}},"12":{"start":{"line":32,"column":17},"end":{"line":32,"column":25}},"13":{"start":{"line":33,"column":23},"end":{"line":37,"column":5}},"14":{"start":{"line":38,"column":4},"end":{"line":42,"column":7}},"15":{"start":{"line":45,"column":25},"end":{"line":48,"column":1}},"16":{"start":{"line":46,"column":4},"end":{"line":46,"column":74}},"17":{"start":{"line":47,"column":4},"end":{"line":47,"column":34}},"18":{"start":{"line":50,"column":0},"end":{"line":56,"column":2}}},"fnMap":{"0":{"name":"(anonymous_0)","decl":{"start":{"line":3,"column":25},"end":{"line":3,"column":26}},"loc":{"start":{"line":3,"column":45},"end":{"line":11,"column":1}},"line":3},"1":{"name":"(anonymous_1)","decl":{"start":{"line":13,"column":22},"end":{"line":13,"column":23}},"loc":{"start":{"line":13,"column":42},"end":{"line":20,"column":1}},"line":13},"2":{"name":"(anonymous_2)","decl":{"start":{"line":22,"column":15},"end":{"line":22,"column":16}},"loc":{"start":{"line":22,"column":35},"end":{"line":29,"column":1}},"line":22},"3":{"name":"(anonymous_3)","decl":{"start":{"line":31,"column":25},"end":{"line":31,"column":26}},"loc":{"start":{"line":31,"column":45},"end":{"line":43,"column":1}},"line":31},"4":{"name":"(anonymous_4)","decl":{"start":{"line":45,"column":25},"end":{"line":45,"column":26}},"loc":{"start":{"line":45,"column":45},"end":{"line":48,"column":1}},"line":45}},"branchMap":{},"s":{"0":6,"1":6,"2":8,"3":8,"4":6,"5":6,"6":2,"7":1,"8":6,"9":2,"10":2,"11":6,"12":3,"13":3,"14":1,"15":6,"16":2,"17":1,"18":6},"f":{"0":8,"1":2,"2":2,"3":3,"4":2},"b":{},"_coverageSchema":"1a1c01bbd47fc00a2c39e90264f33305004495a9","hash":"299f05c6680ce39cbb051f9d2e86d67cade4135e"}
,"/Users/juliangarcia/Developer/habits-app/backend/controllers/userController.js": {"path":"/Users/juliangarcia/Developer/habits-app/backend/controllers/userController.js","statementMap":{"0":{"start":{"line":1,"column":20},"end":{"line":1,"column":54}},"1":{"start":{"line":3,"column":17},"end":{"line":11,"column":1}},"2":{"start":{"line":4,"column":17},"end":{"line":4,"column":25}},"3":{"start":{"line":5,"column":17},"end":{"line":5,"column":51}},"4":{"start":{"line":6,"column":4},"end":{"line":10,"column":7}},"5":{"start":{"line":13,"column":14},"end":{"line":22,"column":1}},"6":{"start":{"line":14,"column":19},"end":{"line":14,"column":27}},"7":{"start":{"line":15,"column":28},"end":{"line":15,"column":59}},"8":{"start":{"line":16,"column":4},"end":{"line":21,"column":7}},"9":{"start":{"line":24,"column":20},"end":{"line":30,"column":1}},"10":{"start":{"line":25,"column":18},"end":{"line":25,"column":49}},"11":{"start":{"line":26,"column":4},"end":{"line":29,"column":7}},"12":{"start":{"line":32,"column":16},"end":{"line":38,"column":1}},"13":{"start":{"line":33,"column":17},"end":{"line":33,"column":56}},"14":{"start":{"line":34,"column":4},"end":{"line":37,"column":7}},"15":{"start":{"line":40,"column":20},"end":{"line":46,"column":1}},"16":{"start":{"line":41,"column":17},"end":{"line":41,"column":61}},"17":{"start":{"line":42,"column":4},"end":{"line":45,"column":7}},"18":{"start":{"line":48,"column":17},"end":{"line":55,"column":1}},"19":{"start":{"line":49,"column":17},"end":{"line":49,"column":67}},"20":{"start":{"line":50,"column":4},"end":{"line":54,"column":7}},"21":{"start":{"line":57,"column":19},"end":{"line":63,"column":1}},"22":{"start":{"line":58,"column":4},"end":{"line":58,"column":47}},"23":{"start":{"line":59,"column":4},"end":{"line":62,"column":7}},"24":{"start":{"line":65,"column":0},"end":{"line":73,"column":2}}},"fnMap":{"0":{"name":"(anonymous_0)","decl":{"start":{"line":3,"column":17},"end":{"line":3,"column":18}},"loc":{"start":{"line":3,"column":37},"end":{"line":11,"column":1}},"line":3},"1":{"name":"(anonymous_1)","decl":{"start":{"line":13,"column":14},"end":{"line":13,"column":15}},"loc":{"start":{"line":13,"column":34},"end":{"line":22,"column":1}},"line":13},"2":{"name":"(anonymous_2)","decl":{"start":{"line":24,"column":20},"end":{"line":24,"column":21}},"loc":{"start":{"line":24,"column":40},"end":{"line":30,"column":1}},"line":24},"3":{"name":"(anonymous_3)","decl":{"start":{"line":32,"column":16},"end":{"line":32,"column":17}},"loc":{"start":{"line":32,"column":36},"end":{"line":38,"column":1}},"line":32},"4":{"name":"(anonymous_4)","decl":{"start":{"line":40,"column":20},"end":{"line":40,"column":21}},"loc":{"start":{"line":40,"column":40},"end":{"line":46,"column":1}},"line":40},"5":{"name":"(anonymous_5)","decl":{"start":{"line":48,"column":17},"end":{"line":48,"column":18}},"loc":{"start":{"line":48,"column":37},"end":{"line":55,"column":1}},"line":48},"6":{"name":"(anonymous_6)","decl":{"start":{"line":57,"column":19},"end":{"line":57,"column":20}},"loc":{"start":{"line":57,"column":39},"end":{"line":63,"column":1}},"line":57}},"branchMap":{},"s":{"0":6,"1":6,"2":40,"3":40,"4":36,"5":6,"6":36,"7":36,"8":33,"9":6,"10":2,"11":2,"12":6,"13":1,"14":1,"15":6,"16":2,"17":1,"18":6,"19":2,"20":1,"21":6,"22":1,"23":1,"24":6},"f":{"0":40,"1":36,"2":2,"3":1,"4":2,"5":2,"6":1},"b":{},"_coverageSchema":"1a1c01bbd47fc00a2c39e90264f33305004495a9","hash":"7f099cd6c95f7e6115f2fd316d58dbb4e14b51d5"}
,"/Users/juliangarcia/Developer/habits-app/backend/helpers/jwt.js": {"path":"/Users/juliangarcia/Developer/habits-app/backend/helpers/jwt.js","statementMap":{"0":{"start":{"line":1,"column":12},"end":{"line":1,"column":33}},"1":{"start":{"line":2,"column":15},"end":{"line":2,"column":32}},"2":{"start":{"line":3,"column":15},"end":{"line":3,"column":32}},"3":{"start":{"line":4,"column":0},"end":{"line":4,"column":16}},"4":{"start":{"line":7,"column":15},"end":{"line":7,"column":37}},"5":{"start":{"line":9,"column":20},"end":{"line":20,"column":1}},"6":{"start":{"line":10,"column":20},"end":{"line":17,"column":5}},"7":{"start":{"line":19,"column":4},"end":{"line":19,"column":39}},"8":{"start":{"line":22,"column":0},"end":{"line":22,"column":39}}},"fnMap":{"0":{"name":"(anonymous_0)","decl":{"start":{"line":9,"column":20},"end":{"line":9,"column":21}},"loc":{"start":{"line":9,"column":30},"end":{"line":20,"column":1}},"line":9}},"branchMap":{},"s":{"0":7,"1":7,"2":7,"3":7,"4":7,"5":7,"6":34,"7":34,"8":7},"f":{"0":34},"b":{},"_coverageSchema":"1a1c01bbd47fc00a2c39e90264f33305004495a9","hash":"8439d8b322590a9ce7b02293b178ccd424355766"}
,"/Users/juliangarcia/Developer/habits-app/backend/helpers/test.api.js": {"path":"/Users/juliangarcia/Developer/habits-app/backend/helpers/test.api.js","statementMap":{"0":{"start":{"line":1,"column":16},"end":{"line":1,"column":36}},"1":{"start":{"line":2,"column":12},"end":{"line":2,"column":29}},"2":{"start":{"line":5,"column":14},"end":{"line":9,"column":4}},"3":{"start":{"line":10,"column":26},"end":{"line":13,"column":9}},"4":{"start":{"line":14,"column":2},"end":{"line":14,"column":37}},"5":{"start":{"line":17,"column":0},"end":{"line":17,"column":47}}},"fnMap":{"0":{"name":"registerAndLogin","decl":{"start":{"line":4,"column":15},"end":{"line":4,"column":31}},"loc":{"start":{"line":4,"column":34},"end":{"line":15,"column":1}},"line":4}},"branchMap":{},"s":{"0":2,"1":2,"2":2,"3":2,"4":2,"5":2},"f":{"0":2},"b":{},"_coverageSchema":"1a1c01bbd47fc00a2c39e90264f33305004495a9","hash":"bacfb250cc6437e391f8950c72e90744aa0f49b3"}
,"/Users/juliangarcia/Developer/habits-app/backend/helpers/testHelpers.js": {"path":"/Users/juliangarcia/Developer/habits-app/backend/helpers/testHelpers.js","statementMap":{"0":{"start":{"line":1,"column":16},"end":{"line":1,"column":44}},"1":{"start":{"line":2,"column":19},"end":{"line":2,"column":50}},"2":{"start":{"line":3,"column":20},"end":{"line":3,"column":52}},"3":{"start":{"line":4,"column":21},"end":{"line":4,"column":54}},"4":{"start":{"line":5,"column":13},"end":{"line":5,"column":38}},"5":{"start":{"line":8,"column":4},"end":{"line":13,"column":7}},"6":{"start":{"line":17,"column":4},"end":{"line":21,"column":7}},"7":{"start":{"line":25,"column":4},"end":{"line":31,"column":7}},"8":{"start":{"line":35,"column":4},"end":{"line":44,"column":7}},"9":{"start":{"line":48,"column":4},"end":{"line":53,"column":7}},"10":{"start":{"line":56,"column":19},"end":{"line":56,"column":50}},"11":{"start":{"line":59,"column":4},"end":{"line":64,"column":7}},"12":{"start":{"line":67,"column":0},"end":{"line":74,"column":1}}},"fnMap":{"0":{"name":"createUser","decl":{"start":{"line":7,"column":15},"end":{"line":7,"column":25}},"loc":{"start":{"line":7,"column":42},"end":{"line":14,"column":1}},"line":7},"1":{"name":"createCompetition","decl":{"start":{"line":16,"column":15},"end":{"line":16,"column":32}},"loc":{"start":{"line":16,"column":49},"end":{"line":22,"column":1}},"line":16},"2":{"name":"createTournament","decl":{"start":{"line":24,"column":15},"end":{"line":24,"column":31}},"loc":{"start":{"line":24,"column":67},"end":{"line":32,"column":1}},"line":24},"3":{"name":"createPartido","decl":{"start":{"line":34,"column":15},"end":{"line":34,"column":28}},"loc":{"start":{"line":34,"column":58},"end":{"line":45,"column":1}},"line":34},"4":{"name":"createParticipante","decl":{"start":{"line":47,"column":15},"end":{"line":47,"column":33}},"loc":{"start":{"line":47,"column":68},"end":{"line":54,"column":1}},"line":47},"5":{"name":"createPrediction","decl":{"start":{"line":58,"column":15},"end":{"line":58,"column":31}},"loc":{"start":{"line":58,"column":83},"end":{"line":65,"column":1}},"line":58}},"branchMap":{"0":{"loc":{"start":{"line":7,"column":26},"end":{"line":7,"column":40}},"type":"default-arg","locations":[{"start":{"line":7,"column":38},"end":{"line":7,"column":40}}],"line":7},"1":{"loc":{"start":{"line":16,"column":33},"end":{"line":16,"column":47}},"type":"default-arg","locations":[{"start":{"line":16,"column":45},"end":{"line":16,"column":47}}],"line":16},"2":{"loc":{"start":{"line":24,"column":51},"end":{"line":24,"column":65}},"type":"default-arg","locations":[{"start":{"line":24,"column":63},"end":{"line":24,"column":65}}],"line":24},"3":{"loc":{"start":{"line":34,"column":42},"end":{"line":34,"column":56}},"type":"default-arg","locations":[{"start":{"line":34,"column":54},"end":{"line":34,"column":56}}],"line":34},"4":{"loc":{"start":{"line":47,"column":52},"end":{"line":47,"column":66}},"type":"default-arg","locations":[{"start":{"line":47,"column":64},"end":{"line":47,"column":66}}],"line":47}},"s":{"0":2,"1":2,"2":2,"3":2,"4":2,"5":2,"6":2,"7":12,"8":11,"9":2,"10":2,"11":9,"12":2},"f":{"0":2,"1":2,"2":12,"3":11,"4":2,"5":9},"b":{"0":[2],"1":[2],"2":[2],"3":[11],"4":[2]},"_coverageSchema":"1a1c01bbd47fc00a2c39e90264f33305004495a9","hash":"70fe7243652775c0edefc74294211888b324a740"}
,"/Users/juliangarcia/Developer/habits-app/backend/helpers/validationSchemas.js": {"path":"/Users/juliangarcia/Developer/habits-app/backend/helpers/validationSchemas.js","statementMap":{"0":{"start":{"line":1,"column":14},"end":{"line":1,"column":28}},"1":{"start":{"line":2,"column":17},"end":{"line":2,"column":36}},"2":{"start":{"line":3,"column":19},"end":{"line":3,"column":34}},"3":{"start":{"line":5,"column":23},"end":{"line":13,"column":2}},"4":{"start":{"line":15,"column":20},"end":{"line":18,"column":2}},"5":{"start":{"line":20,"column":23},"end":{"line":28,"column":2}},"6":{"start":{"line":23,"column":25},"end":{"line":23,"column":61}},"7":{"start":{"line":26,"column":28},"end":{"line":26,"column":60}},"8":{"start":{"line":30,"column":23},"end":{"line":36,"column":2}},"9":{"start":{"line":39,"column":31},"end":{"line":46,"column":2}},"10":{"start":{"line":48,"column":31},"end":{"line":62,"column":1}},"11":{"start":{"line":54,"column":4},"end":{"line":59,"column":6}},"12":{"start":{"line":64,"column":32},"end":{"line":68,"column":2}},"13":{"start":{"line":70,"column":30},"end":{"line":88,"column":5}},"14":{"start":{"line":78,"column":12},"end":{"line":82,"column":14}},"15":{"start":{"line":90,"column":25},"end":{"line":90,"column":80}},"16":{"start":{"line":90,"column":66},"end":{"line":90,"column":79}},"17":{"start":{"line":91,"column":20},"end":{"line":91,"column":57}},"18":{"start":{"line":93,"column":28},"end":{"line":108,"column":2}},"19":{"start":{"line":110,"column":28},"end":{"line":128,"column":127}},"20":{"start":{"line":119,"column":4},"end":{"line":127,"column":6}},"21":{"start":{"line":130,"column":31},"end":{"line":136,"column":2}},"22":{"start":{"line":138,"column":31},"end":{"line":147,"column":2}},"23":{"start":{"line":142,"column":4},"end":{"line":145,"column":6}},"24":{"start":{"line":149,"column":30},"end":{"line":151,"column":2}},"25":{"start":{"line":153,"column":0},"end":{"line":166,"column":2}}},"fnMap":{"0":{"name":"(anonymous_0)","decl":{"start":{"line":23,"column":16},"end":{"line":23,"column":17}},"loc":{"start":{"line":23,"column":25},"end":{"line":23,"column":61}},"line":23},"1":{"name":"(anonymous_1)","decl":{"start":{"line":26,"column":19},"end":{"line":26,"column":20}},"loc":{"start":{"line":26,"column":28},"end":{"line":26,"column":60}},"line":26},"2":{"name":"(anonymous_2)","decl":{"start":{"line":53,"column":10},"end":{"line":53,"column":11}},"loc":{"start":{"line":53,"column":20},"end":{"line":60,"column":1}},"line":53},"3":{"name":"(anonymous_3)","decl":{"start":{"line":77,"column":8},"end":{"line":77,"column":9}},"loc":{"start":{"line":77,"column":18},"end":{"line":83,"column":9}},"line":77},"4":{"name":"(anonymous_4)","decl":{"start":{"line":90,"column":57},"end":{"line":90,"column":58}},"loc":{"start":{"line":90,"column":66},"end":{"line":90,"column":79}},"line":90},"5":{"name":"(anonymous_5)","decl":{"start":{"line":118,"column":10},"end":{"line":118,"column":11}},"loc":{"start":{"line":118,"column":20},"end":{"line":128,"column":1}},"line":118},"6":{"name":"(anonymous_6)","decl":{"start":{"line":141,"column":10},"end":{"line":141,"column":11}},"loc":{"start":{"line":141,"column":20},"end":{"line":146,"column":1}},"line":141}},"branchMap":{"0":{"loc":{"start":{"line":55,"column":8},"end":{"line":58,"column":35}},"type":"binary-expr","locations":[{"start":{"line":55,"column":8},"end":{"line":55,"column":31}},{"start":{"line":56,"column":8},"end":{"line":56,"column":33}},{"start":{"line":57,"column":8},"end":{"line":57,"column":32}},{"start":{"line":58,"column":8},"end":{"line":58,"column":35}}],"line":55},"1":{"loc":{"start":{"line":79,"column":16},"end":{"line":81,"column":40}},"type":"binary-expr","locations":[{"start":{"line":79,"column":16},"end":{"line":79,"column":39}},{"start":{"line":80,"column":16},"end":{"line":80,"column":41}},{"start":{"line":81,"column":16},"end":{"line":81,"column":40}}],"line":79},"2":{"loc":{"start":{"line":120,"column":8},"end":{"line":126,"column":33}},"type":"binary-expr","locations":[{"start":{"line":120,"column":8},"end":{"line":120,"column":32}},{"start":{"line":121,"column":8},"end":{"line":121,"column":38}},{"start":{"line":122,"column":8},"end":{"line":122,"column":34}},{"start":{"line":123,"column":8},"end":{"line":123,"column":34}},{"start":{"line":124,"column":8},"end":{"line":124,"column":39}},{"start":{"line":125,"column":8},"end":{"line":125,"column":39}},{"start":{"line":126,"column":8},"end":{"line":126,"column":33}}],"line":120},"3":{"loc":{"start":{"line":143,"column":8},"end":{"line":144,"column":39}},"type":"binary-expr","locations":[{"start":{"line":143,"column":8},"end":{"line":143,"column":39}},{"start":{"line":144,"column":8},"end":{"line":144,"column":39}}],"line":143}},"s":{"0":11,"1":11,"2":11,"3":11,"4":11,"5":11,"6":24,"7":21,"8":11,"9":11,"10":11,"11":6,"12":11,"13":11,"14":5,"15":11,"16":2,"17":11,"18":11,"19":11,"20":4,"21":11,"22":11,"23":3,"24":11,"25":11},"f":{"0":24,"1":21,"2":6,"3":5,"4":2,"5":4,"6":3},"b":{"0":[6,0,0,0],"1":[5,1,1],"2":[4,4,4,4,4,0,0],"3":[3,0]},"_coverageSchema":"1a1c01bbd47fc00a2c39e90264f33305004495a9","hash":"7bfe6af0be5771858bff16602139b4d14fcc17d6"}
,"/Users/juliangarcia/Developer/habits-app/backend/middlewares/auth.js": {"path":"/Users/juliangarcia/Developer/habits-app/backend/middlewares/auth.js","statementMap":{"0":{"start":{"line":1,"column":12},"end":{"line":1,"column":33}},"1":{"start":{"line":2,"column":15},"end":{"line":2,"column":32}},"2":{"start":{"line":5,"column":17},"end":{"line":5,"column":42}},"3":{"start":{"line":8,"column":0},"end":{"line":48,"column":2}},"4":{"start":{"line":10,"column":4},"end":{"line":15,"column":5}},"5":{"start":{"line":11,"column":8},"end":{"line":14,"column":11}},"6":{"start":{"line":18,"column":16},"end":{"line":18,"column":63}},"7":{"start":{"line":19,"column":4},"end":{"line":21,"column":5}},"8":{"start":{"line":20,"column":8},"end":{"line":20,"column":31}},"9":{"start":{"line":23,"column":4},"end":{"line":44,"column":5}},"10":{"start":{"line":25,"column":22},"end":{"line":25,"column":47}},"11":{"start":{"line":27,"column":8},"end":{"line":27,"column":27}},"12":{"start":{"line":31,"column":8},"end":{"line":36,"column":9}},"13":{"start":{"line":32,"column":12},"end":{"line":35,"column":15}},"14":{"start":{"line":38,"column":8},"end":{"line":42,"column":11}},"15":{"start":{"line":47,"column":4},"end":{"line":47,"column":11}}},"fnMap":{"0":{"name":"(anonymous_0)","decl":{"start":{"line":8,"column":15},"end":{"line":8,"column":16}},"loc":{"start":{"line":8,"column":35},"end":{"line":48,"column":1}},"line":8}},"branchMap":{"0":{"loc":{"start":{"line":10,"column":4},"end":{"line":15,"column":5}},"type":"if","locations":[{"start":{"line":10,"column":4},"end":{"line":15,"column":5}},{"start":{},"end":{}}],"line":10},"1":{"loc":{"start":{"line":19,"column":4},"end":{"line":21,"column":5}},"type":"if","locations":[{"start":{"line":19,"column":4},"end":{"line":21,"column":5}},{"start":{},"end":{}}],"line":19},"2":{"loc":{"start":{"line":31,"column":8},"end":{"line":36,"column":9}},"type":"if","locations":[{"start":{"line":31,"column":8},"end":{"line":36,"column":9}},{"start":{},"end":{}}],"line":31}},"s":{"0":6,"1":6,"2":6,"3":6,"4":63,"5":1,"6":62,"7":62,"8":22,"9":62,"10":62,"11":59,"12":3,"13":1,"14":2,"15":59},"f":{"0":63},"b":{"0":[1,62],"1":[22,40],"2":[1,2]},"_coverageSchema":"1a1c01bbd47fc00a2c39e90264f33305004495a9","hash":"9ec088ba31dbaecdb54e89efdd85eab0160443cb"}
,"/Users/juliangarcia/Developer/habits-app/backend/middlewares/errorHandler.js": {"path":"/Users/juliangarcia/Developer/habits-app/backend/middlewares/errorHandler.js","statementMap":{"0":{"start":{"line":1,"column":21},"end":{"line":10,"column":3}},"1":{"start":{"line":2,"column":23},"end":{"line":2,"column":44}},"2":{"start":{"line":3,"column":20},"end":{"line":6,"column":5}},"3":{"start":{"line":7,"column":4},"end":{"line":7,"column":48}},"4":{"start":{"line":7,"column":20},"end":{"line":7,"column":48}},"5":{"start":{"line":9,"column":4},"end":{"line":9,"column":41}},"6":{"start":{"line":12,"column":2},"end":{"line":12,"column":32}}},"fnMap":{"0":{"name":"(anonymous_0)","decl":{"start":{"line":1,"column":21},"end":{"line":1,"column":22}},"loc":{"start":{"line":1,"column":46},"end":{"line":10,"column":3}},"line":1}},"branchMap":{"0":{"loc":{"start":{"line":2,"column":23},"end":{"line":2,"column":44}},"type":"binary-expr","locations":[{"start":{"line":2,"column":23},"end":{"line":2,"column":37}},{"start":{"line":2,"column":41},"end":{"line":2,"column":44}}],"line":2},"1":{"loc":{"start":{"line":4,"column":15},"end":{"line":4,"column":50}},"type":"cond-expr","locations":[{"start":{"line":4,"column":34},"end":{"line":4,"column":41}},{"start":{"line":4,"column":44},"end":{"line":4,"column":50}}],"line":4},"2":{"loc":{"start":{"line":5,"column":15},"end":{"line":5,"column":53}},"type":"binary-expr","locations":[{"start":{"line":5,"column":15},"end":{"line":5,"column":26}},{"start":{"line":5,"column":30},"end":{"line":5,"column":53}}],"line":5},"3":{"loc":{"start":{"line":7,"column":4},"end":{"line":7,"column":48}},"type":"if","locations":[{"start":{"line":7,"column":4},"end":{"line":7,"column":48}},{"start":{},"end":{}}],"line":7}},"s":{"0":6,"1":30,"2":30,"3":30,"4":8,"5":30,"6":6},"f":{"0":30},"b":{"0":[30,1],"1":[30,0],"2":[30,0],"3":[8,22]},"_coverageSchema":"1a1c01bbd47fc00a2c39e90264f33305004495a9","hash":"ffa7e0738a5c214cb9e8542b782cb4065a5dc5b5"}
,"/Users/juliangarcia/Developer/habits-app/backend/models/Competition.js": {"path":"/Users/juliangarcia/Developer/habits-app/backend/models/Competition.js","statementMap":{"0":{"start":{"line":1,"column":17},"end":{"line":1,"column":36}},"1":{"start":{"line":2,"column":19},"end":{"line":2,"column":27}},"2":{"start":{"line":4,"column":26},"end":{"line":10,"column":24}},"3":{"start":{"line":12,"column":0},"end":{"line":12,"column":82}}},"fnMap":{},"branchMap":{},"s":{"0":12,"1":12,"2":12,"3":12},"f":{},"b":{},"_coverageSchema":"1a1c01bbd47fc00a2c39e90264f33305004495a9","hash":"8798b6b1c66b6af510dba85df7ad2dace75a72e6"}
,"/Users/juliangarcia/Developer/habits-app/backend/models/Participante.js": {"path":"/Users/juliangarcia/Developer/habits-app/backend/models/Participante.js","statementMap":{"0":{"start":{"line":1,"column":17},"end":{"line":1,"column":36}},"1":{"start":{"line":2,"column":19},"end":{"line":2,"column":27}},"2":{"start":{"line":4,"column":27},"end":{"line":11,"column":2}},"3":{"start":{"line":13,"column":0},"end":{"line":13,"column":85}}},"fnMap":{},"branchMap":{},"s":{"0":10,"1":10,"2":10,"3":10},"f":{},"b":{},"_coverageSchema":"1a1c01bbd47fc00a2c39e90264f33305004495a9","hash":"6a382e93a47ac69eba66cd650464b61458012522"}
,"/Users/juliangarcia/Developer/habits-app/backend/models/Partido.js": {"path":"/Users/juliangarcia/Developer/habits-app/backend/models/Partido.js","statementMap":{"0":{"start":{"line":1,"column":17},"end":{"line":1,"column":36}},"1":{"start":{"line":3,"column":22},"end":{"line":60,"column":2}},"2":{"start":{"line":62,"column":16},"end":{"line":62,"column":56}},"3":{"start":{"line":64,"column":0},"end":{"line":64,"column":25}}},"fnMap":{},"branchMap":{},"s":{"0":9,"1":9,"2":9,"3":9},"f":{},"b":{},"_coverageSchema":"1a1c01bbd47fc00a2c39e90264f33305004495a9","hash":"7a7e6dacd5319db99897f54b7f7e9f76784e42a7"}
,"/Users/juliangarcia/Developer/habits-app/backend/models/Prediction.js": {"path":"/Users/juliangarcia/Developer/habits-app/backend/models/Prediction.js","statementMap":{"0":{"start":{"line":1,"column":17},"end":{"line":1,"column":36}},"1":{"start":{"line":2,"column":19},"end":{"line":2,"column":27}},"2":{"start":{"line":4,"column":25},"end":{"line":30,"column":2}},"3":{"start":{"line":32,"column":0},"end":{"line":32,"column":79}}},"fnMap":{},"branchMap":{},"s":{"0":8,"1":8,"2":8,"3":8},"f":{},"b":{},"_coverageSchema":"1a1c01bbd47fc00a2c39e90264f33305004495a9","hash":"71fabe7fd21496a381123c8d0e607266b0d3a404"}
,"/Users/juliangarcia/Developer/habits-app/backend/models/Tournament.js": {"path":"/Users/juliangarcia/Developer/habits-app/backend/models/Tournament.js","statementMap":{"0":{"start":{"line":1,"column":17},"end":{"line":1,"column":36}},"1":{"start":{"line":2,"column":19},"end":{"line":2,"column":27}},"2":{"start":{"line":4,"column":25},"end":{"line":36,"column":2}},"3":{"start":{"line":40,"column":0},"end":{"line":44,"column":1}},"4":{"start":{"line":41,"column":4},"end":{"line":41,"column":46}},"5":{"start":{"line":43,"column":4},"end":{"line":43,"column":79}},"6":{"start":{"line":46,"column":0},"end":{"line":46,"column":28}}},"fnMap":{},"branchMap":{},"s":{"0":10,"1":10,"2":10,"3":10,"4":10,"5":10,"6":10},"f":{},"b":{},"_coverageSchema":"1a1c01bbd47fc00a2c39e90264f33305004495a9","hash":"c0120cefc80ca43f9724ef47ceb33bc50582e680"}
,"/Users/juliangarcia/Developer/habits-app/backend/models/User.js": {"path":"/Users/juliangarcia/Developer/habits-app/backend/models/User.js","statementMap":{"0":{"start":{"line":1,"column":17},"end":{"line":1,"column":36}},"1":{"start":{"line":2,"column":19},"end":{"line":2,"column":27}},"2":{"start":{"line":4,"column":19},"end":{"line":25,"column":2}},"3":{"start":{"line":29,"column":0},"end":{"line":33,"column":1}},"4":{"start":{"line":30,"column":4},"end":{"line":30,"column":34}},"5":{"start":{"line":32,"column":4},"end":{"line":32,"column":55}},"6":{"start":{"line":35,"column":0},"end":{"line":35,"column":22}}},"fnMap":{},"branchMap":{},"s":{"0":11,"1":11,"2":11,"3":11,"4":11,"5":11,"6":11},"f":{},"b":{},"_coverageSchema":"1a1c01bbd47fc00a2c39e90264f33305004495a9","hash":"8d6df782dadcce5b4c3fa2f5380ffb3c3dab745c"}
,"/Users/juliangarcia/Developer/habits-app/backend/routes/competition.routes.js": {"path":"/Users/juliangarcia/Developer/habits-app/backend/routes/competition.routes.js","statementMap":{"0":{"start":{"line":1,"column":16},"end":{"line":1,"column":34}},"1":{"start":{"line":2,"column":15},"end":{"line":2,"column":31}},"2":{"start":{"line":4,"column":30},"end":{"line":4,"column":77}},"3":{"start":{"line":5,"column":15},"end":{"line":5,"column":45}},"4":{"start":{"line":7,"column":0},"end":{"line":7,"column":64}},"5":{"start":{"line":8,"column":0},"end":{"line":8,"column":67}},"6":{"start":{"line":9,"column":0},"end":{"line":9,"column":67}},"7":{"start":{"line":10,"column":0},"end":{"line":10,"column":66}},"8":{"start":{"line":11,"column":0},"end":{"line":11,"column":69}},"9":{"start":{"line":13,"column":0},"end":{"line":13,"column":24}}},"fnMap":{},"branchMap":{},"s":{"0":6,"1":6,"2":6,"3":6,"4":6,"5":6,"6":6,"7":6,"8":6,"9":6},"f":{},"b":{},"_coverageSchema":"1a1c01bbd47fc00a2c39e90264f33305004495a9","hash":"2ccb75144c1f4157f2c590a132d01acbf4f54e9b"}
,"/Users/juliangarcia/Developer/habits-app/backend/routes/participante.routes.js": {"path":"/Users/juliangarcia/Developer/habits-app/backend/routes/participante.routes.js","statementMap":{"0":{"start":{"line":1,"column":19},"end":{"line":1,"column":37}},"1":{"start":{"line":2,"column":31},"end":{"line":2,"column":79}},"2":{"start":{"line":3,"column":17},"end":{"line":3,"column":47}},"3":{"start":{"line":5,"column":15},"end":{"line":5,"column":23}},"4":{"start":{"line":7,"column":0},"end":{"line":7,"column":53}},"5":{"start":{"line":8,"column":0},"end":{"line":8,"column":55}},"6":{"start":{"line":9,"column":0},"end":{"line":9,"column":61}},"7":{"start":{"line":10,"column":0},"end":{"line":10,"column":87}},"8":{"start":{"line":11,"column":0},"end":{"line":11,"column":56}},"9":{"start":{"line":12,"column":0},"end":{"line":12,"column":95}},"10":{"start":{"line":14,"column":0},"end":{"line":14,"column":23}}},"fnMap":{},"branchMap":{},"s":{"0":6,"1":6,"2":6,"3":6,"4":6,"5":6,"6":6,"7":6,"8":6,"9":6,"10":6},"f":{},"b":{},"_coverageSchema":"1a1c01bbd47fc00a2c39e90264f33305004495a9","hash":"658aa58781e3f33e6f8e33ca62549c57327ce42e"}
,"/Users/juliangarcia/Developer/habits-app/backend/routes/partido.routes.js": {"path":"/Users/juliangarcia/Developer/habits-app/backend/routes/partido.routes.js","statementMap":{"0":{"start":{"line":1,"column":16},"end":{"line":1,"column":34}},"1":{"start":{"line":2,"column":15},"end":{"line":2,"column":31}},"2":{"start":{"line":3,"column":26},"end":{"line":3,"column":69}},"3":{"start":{"line":4,"column":15},"end":{"line":4,"column":45}},"4":{"start":{"line":6,"column":0},"end":{"line":6,"column":49}},"5":{"start":{"line":7,"column":0},"end":{"line":7,"column":51}},"6":{"start":{"line":8,"column":0},"end":{"line":8,"column":55}},"7":{"start":{"line":9,"column":0},"end":{"line":9,"column":58}},"8":{"start":{"line":10,"column":0},"end":{"line":10,"column":61}},"9":{"start":{"line":12,"column":0},"end":{"line":12,"column":24}}},"fnMap":{},"branchMap":{},"s":{"0":6,"1":6,"2":6,"3":6,"4":6,"5":6,"6":6,"7":6,"8":6,"9":6},"f":{},"b":{},"_coverageSchema":"1a1c01bbd47fc00a2c39e90264f33305004495a9","hash":"926e05b892f8657e885f6c27cfebf8c68c202414"}
,"/Users/juliangarcia/Developer/habits-app/backend/routes/prediction.routes.js": {"path":"/Users/juliangarcia/Developer/habits-app/backend/routes/prediction.routes.js","statementMap":{"0":{"start":{"line":1,"column":16},"end":{"line":1,"column":34}},"1":{"start":{"line":2,"column":15},"end":{"line":2,"column":31}},"2":{"start":{"line":3,"column":26},"end":{"line":3,"column":66}},"3":{"start":{"line":4,"column":17},"end":{"line":4,"column":47}},"4":{"start":{"line":5,"column":17},"end":{"line":5,"column":45}},"5":{"start":{"line":8,"column":0},"end":{"line":20,"column":3}},"6":{"start":{"line":9,"column":4},"end":{"line":19,"column":5}},"7":{"start":{"line":10,"column":27},"end":{"line":10,"column":67}},"8":{"start":{"line":11,"column":8},"end":{"line":16,"column":11}},"9":{"start":{"line":18,"column":8},"end":{"line":18,"column":20}},"10":{"start":{"line":23,"column":0},"end":{"line":35,"column":3}},"11":{"start":{"line":24,"column":4},"end":{"line":34,"column":5}},"12":{"start":{"line":25,"column":24},"end":{"line":25,"column":81}},"13":{"start":{"line":26,"column":8},"end":{"line":31,"column":11}},"14":{"start":{"line":33,"column":8},"end":{"line":33,"column":20}},"15":{"start":{"line":38,"column":0},"end":{"line":50,"column":3}},"16":{"start":{"line":39,"column":4},"end":{"line":49,"column":5}},"17":{"start":{"line":40,"column":28},"end":{"line":40,"column":96}},"18":{"start":{"line":41,"column":8},"end":{"line":46,"column":11}},"19":{"start":{"line":48,"column":8},"end":{"line":48,"column":20}},"20":{"start":{"line":53,"column":0},"end":{"line":65,"column":3}},"21":{"start":{"line":54,"column":4},"end":{"line":64,"column":5}},"22":{"start":{"line":55,"column":28},"end":{"line":55,"column":86}},"23":{"start":{"line":56,"column":8},"end":{"line":61,"column":11}},"24":{"start":{"line":63,"column":8},"end":{"line":63,"column":20}},"25":{"start":{"line":68,"column":0},"end":{"line":80,"column":3}},"26":{"start":{"line":69,"column":4},"end":{"line":79,"column":5}},"27":{"start":{"line":70,"column":27},"end":{"line":70,"column":82}},"28":{"start":{"line":71,"column":8},"end":{"line":76,"column":11}},"29":{"start":{"line":78,"column":8},"end":{"line":78,"column":20}},"30":{"start":{"line":83,"column":0},"end":{"line":95,"column":3}},"31":{"start":{"line":84,"column":4},"end":{"line":94,"column":5}},"32":{"start":{"line":85,"column":27},"end":{"line":85,"column":69}},"33":{"start":{"line":86,"column":8},"end":{"line":91,"column":11}},"34":{"start":{"line":93,"column":8},"end":{"line":93,"column":20}},"35":{"start":{"line":97,"column":0},"end":{"line":97,"column":24}}},"fnMap":{"0":{"name":"(anonymous_0)","decl":{"start":{"line":8,"column":23},"end":{"line":8,"column":24}},"loc":{"start":{"line":8,"column":49},"end":{"line":20,"column":1}},"line":8},"1":{"name":"(anonymous_1)","decl":{"start":{"line":23,"column":28},"end":{"line":23,"column":29}},"loc":{"start":{"line":23,"column":54},"end":{"line":35,"column":1}},"line":23},"2":{"name":"(anonymous_2)","decl":{"start":{"line":38,"column":52},"end":{"line":38,"column":53}},"loc":{"start":{"line":38,"column":78},"end":{"line":50,"column":1}},"line":38},"3":{"name":"(anonymous_3)","decl":{"start":{"line":53,"column":42},"end":{"line":53,"column":43}},"loc":{"start":{"line":53,"column":68},"end":{"line":65,"column":1}},"line":53},"4":{"name":"(anonymous_4)","decl":{"start":{"line":68,"column":25},"end":{"line":68,"column":26}},"loc":{"start":{"line":68,"column":51},"end":{"line":80,"column":1}},"line":68},"5":{"name":"(anonymous_5)","decl":{"start":{"line":83,"column":25},"end":{"line":83,"column":26}},"loc":{"start":{"line":83,"column":51},"end":{"line":95,"column":1}},"line":83}},"branchMap":{},"s":{"0":6,"1":6,"2":6,"3":6,"4":6,"5":6,"6":0,"7":0,"8":0,"9":0,"10":6,"11":0,"12":0,"13":0,"14":0,"15":6,"16":0,"17":0,"18":0,"19":0,"20":6,"21":0,"22":0,"23":0,"24":0,"25":6,"26":0,"27":0,"28":0,"29":0,"30":6,"31":0,"32":0,"33":0,"34":0,"35":6},"f":{"0":0,"1":0,"2":0,"3":0,"4":0,"5":0},"b":{},"_coverageSchema":"1a1c01bbd47fc00a2c39e90264f33305004495a9","hash":"ac4e7e9c255f07993fc1a7c29c219e0cf28f0f8f"}
,"/Users/juliangarcia/Developer/habits-app/backend/routes/tournament.routes.js": {"path":"/Users/juliangarcia/Developer/habits-app/backend/routes/tournament.routes.js","statementMap":{"0":{"start":{"line":1,"column":16},"end":{"line":1,"column":34}},"1":{"start":{"line":2,"column":15},"end":{"line":2,"column":31}},"2":{"start":{"line":3,"column":29},"end":{"line":3,"column":75}},"3":{"start":{"line":4,"column":17},"end":{"line":4,"column":47}},"4":{"start":{"line":7,"column":0},"end":{"line":7,"column":62}},"5":{"start":{"line":8,"column":0},"end":{"line":8,"column":53}},"6":{"start":{"line":9,"column":0},"end":{"line":9,"column":61}},"7":{"start":{"line":10,"column":0},"end":{"line":10,"column":64}},"8":{"start":{"line":11,"column":0},"end":{"line":11,"column":67}},"9":{"start":{"line":13,"column":0},"end":{"line":13,"column":24}}},"fnMap":{},"branchMap":{},"s":{"0":6,"1":6,"2":6,"3":6,"4":6,"5":6,"6":6,"7":6,"8":6,"9":6},"f":{},"b":{},"_coverageSchema":"1a1c01bbd47fc00a2c39e90264f33305004495a9","hash":"48c2e1b48103342533482dfe5bad36dcdf252986"}
,"/Users/juliangarcia/Developer/habits-app/backend/routes/user.routes.js": {"path":"/Users/juliangarcia/Developer/habits-app/backend/routes/user.routes.js","statementMap":{"0":{"start":{"line":2,"column":16},"end":{"line":2,"column":34}},"1":{"start":{"line":4,"column":15},"end":{"line":4,"column":31}},"2":{"start":{"line":6,"column":23},"end":{"line":6,"column":63}},"3":{"start":{"line":7,"column":15},"end":{"line":7,"column":45}},"4":{"start":{"line":9,"column":0},"end":{"line":9,"column":49}},"5":{"start":{"line":10,"column":0},"end":{"line":10,"column":44}},"6":{"start":{"line":11,"column":0},"end":{"line":11,"column":53}},"7":{"start":{"line":12,"column":0},"end":{"line":12,"column":52}},"8":{"start":{"line":13,"column":0},"end":{"line":13,"column":51}},"9":{"start":{"line":14,"column":0},"end":{"line":14,"column":50}},"10":{"start":{"line":15,"column":0},"end":{"line":15,"column":55}},"11":{"start":{"line":17,"column":0},"end":{"line":17,"column":24}}},"fnMap":{},"branchMap":{},"s":{"0":6,"1":6,"2":6,"3":6,"4":6,"5":6,"6":6,"7":6,"8":6,"9":6,"10":6,"11":6},"f":{},"b":{},"_coverageSchema":"1a1c01bbd47fc00a2c39e90264f33305004495a9","hash":"d1d573b6044353d80810cbf7f9468cb61ca6fad5"}
,"/Users/juliangarcia/Developer/habits-app/backend/services/competitionService.js": {"path":"/Users/juliangarcia/Developer/habits-app/backend/services/competitionService.js","statementMap":{"0":{"start":{"line":1,"column":20},"end":{"line":1,"column":52}},"1":{"start":{"line":2,"column":17},"end":{"line":2,"column":45}},"2":{"start":{"line":3,"column":59},"end":{"line":3,"column":98}},"3":{"start":{"line":6,"column":15},"end":{"line":27,"column":1}},"4":{"start":{"line":7,"column":4},"end":{"line":26,"column":5}},"5":{"start":{"line":8,"column":32},"end":{"line":8,"column":69}},"6":{"start":{"line":9,"column":33},"end":{"line":11,"column":10}},"7":{"start":{"line":12,"column":8},"end":{"line":14,"column":9}},"8":{"start":{"line":13,"column":12},"end":{"line":13,"column":69}},"9":{"start":{"line":16,"column":28},"end":{"line":16,"column":60}},"10":{"start":{"line":17,"column":8},"end":{"line":17,"column":33}},"11":{"start":{"line":18,"column":8},"end":{"line":18,"column":27}},"12":{"start":{"line":20,"column":8},"end":{"line":22,"column":9}},"13":{"start":{"line":21,"column":12},"end":{"line":21,"column":67}},"14":{"start":{"line":23,"column":8},"end":{"line":25,"column":9}},"15":{"start":{"line":24,"column":12},"end":{"line":24,"column":21}},"16":{"start":{"line":29,"column":16},"end":{"line":35,"column":1}},"17":{"start":{"line":30,"column":24},"end":{"line":30,"column":61}},"18":{"start":{"line":31,"column":4},"end":{"line":33,"column":5}},"19":{"start":{"line":32,"column":8},"end":{"line":32,"column":56}},"20":{"start":{"line":34,"column":4},"end":{"line":34,"column":23}},"21":{"start":{"line":37,"column":24},"end":{"line":40,"column":1}},"22":{"start":{"line":38,"column":25},"end":{"line":38,"column":58}},"23":{"start":{"line":39,"column":4},"end":{"line":39,"column":24}},"24":{"start":{"line":43,"column":24},"end":{"line":60,"column":1}},"25":{"start":{"line":44,"column":4},"end":{"line":59,"column":5}},"26":{"start":{"line":45,"column":32},"end":{"line":45,"column":67}},"27":{"start":{"line":46,"column":28},"end":{"line":46,"column":65}},"28":{"start":{"line":47,"column":8},"end":{"line":49,"column":9}},"29":{"start":{"line":48,"column":12},"end":{"line":48,"column":61}},"30":{"start":{"line":50,"column":35},"end":{"line":50,"column":111}},"31":{"start":{"line":51,"column":8},"end":{"line":51,"column":34}},"32":{"start":{"line":53,"column":8},"end":{"line":55,"column":9}},"33":{"start":{"line":54,"column":12},"end":{"line":54,"column":68}},"34":{"start":{"line":56,"column":8},"end":{"line":58,"column":9}},"35":{"start":{"line":57,"column":12},"end":{"line":57,"column":22}},"36":{"start":{"line":64,"column":26},"end":{"line":70,"column":1}},"37":{"start":{"line":65,"column":24},"end":{"line":65,"column":61}},"38":{"start":{"line":66,"column":4},"end":{"line":68,"column":5}},"39":{"start":{"line":67,"column":8},"end":{"line":67,"column":57}},"40":{"start":{"line":69,"column":4},"end":{"line":69,"column":58}},"41":{"start":{"line":72,"column":0},"end":{"line":78,"column":1}}},"fnMap":{"0":{"name":"(anonymous_0)","decl":{"start":{"line":6,"column":15},"end":{"line":6,"column":16}},"loc":{"start":{"line":6,"column":33},"end":{"line":27,"column":1}},"line":6},"1":{"name":"(anonymous_1)","decl":{"start":{"line":29,"column":16},"end":{"line":29,"column":17}},"loc":{"start":{"line":29,"column":30},"end":{"line":35,"column":1}},"line":29},"2":{"name":"(anonymous_2)","decl":{"start":{"line":37,"column":24},"end":{"line":37,"column":25}},"loc":{"start":{"line":37,"column":36},"end":{"line":40,"column":1}},"line":37},"3":{"name":"(anonymous_3)","decl":{"start":{"line":43,"column":24},"end":{"line":43,"column":25}},"loc":{"start":{"line":43,"column":46},"end":{"line":60,"column":1}},"line":43},"4":{"name":"(anonymous_4)","decl":{"start":{"line":64,"column":26},"end":{"line":64,"column":27}},"loc":{"start":{"line":64,"column":40},"end":{"line":70,"column":1}},"line":64}},"branchMap":{"0":{"loc":{"start":{"line":12,"column":8},"end":{"line":14,"column":9}},"type":"if","locations":[{"start":{"line":12,"column":8},"end":{"line":14,"column":9}},{"start":{},"end":{}}],"line":12},"1":{"loc":{"start":{"line":20,"column":8},"end":{"line":22,"column":9}},"type":"if","locations":[{"start":{"line":20,"column":8},"end":{"line":22,"column":9}},{"start":{},"end":{}}],"line":20},"2":{"loc":{"start":{"line":23,"column":8},"end":{"line":25,"column":9}},"type":"if","locations":[{"start":{"line":23,"column":8},"end":{"line":25,"column":9}},{"start":{},"end":{}}],"line":23},"3":{"loc":{"start":{"line":31,"column":4},"end":{"line":33,"column":5}},"type":"if","locations":[{"start":{"line":31,"column":4},"end":{"line":33,"column":5}},{"start":{},"end":{}}],"line":31},"4":{"loc":{"start":{"line":47,"column":8},"end":{"line":49,"column":9}},"type":"if","locations":[{"start":{"line":47,"column":8},"end":{"line":49,"column":9}},{"start":{},"end":{}}],"line":47},"5":{"loc":{"start":{"line":53,"column":8},"end":{"line":55,"column":9}},"type":"if","locations":[{"start":{"line":53,"column":8},"end":{"line":55,"column":9}},{"start":{},"end":{}}],"line":53},"6":{"loc":{"start":{"line":56,"column":8},"end":{"line":58,"column":9}},"type":"if","locations":[{"start":{"line":56,"column":8},"end":{"line":58,"column":9}},{"start":{},"end":{}}],"line":56},"7":{"loc":{"start":{"line":66,"column":4},"end":{"line":68,"column":5}},"type":"if","locations":[{"start":{"line":66,"column":4},"end":{"line":68,"column":5}},{"start":{},"end":{}}],"line":66}},"s":{"0":7,"1":7,"2":7,"3":7,"4":12,"5":12,"6":10,"7":10,"8":2,"9":8,"10":8,"11":8,"12":4,"13":2,"14":2,"15":2,"16":7,"17":5,"18":4,"19":2,"20":2,"21":7,"22":4,"23":4,"24":7,"25":5,"26":5,"27":4,"28":4,"29":2,"30":2,"31":2,"32":3,"33":1,"34":2,"35":2,"36":7,"37":4,"38":4,"39":2,"40":2,"41":7},"f":{"0":12,"1":5,"2":4,"3":5,"4":4},"b":{"0":[2,8],"1":[2,2],"2":[2,0],"3":[2,2],"4":[2,2],"5":[1,2],"6":[2,0],"7":[2,2]},"_coverageSchema":"1a1c01bbd47fc00a2c39e90264f33305004495a9","hash":"a8574a2d91f501217fdeaac46abf95eb615a4b97"}
,"/Users/juliangarcia/Developer/habits-app/backend/services/participanteService.js": {"path":"/Users/juliangarcia/Developer/habits-app/backend/services/participanteService.js","statementMap":{"0":{"start":{"line":1,"column":21},"end":{"line":1,"column":54}},"1":{"start":{"line":2,"column":17},"end":{"line":2,"column":45}},"2":{"start":{"line":3,"column":13},"end":{"line":3,"column":38}},"3":{"start":{"line":4,"column":19},"end":{"line":4,"column":50}},"4":{"start":{"line":7,"column":15},"end":{"line":33,"column":1}},"5":{"start":{"line":9,"column":21},"end":{"line":9,"column":48}},"6":{"start":{"line":10,"column":8},"end":{"line":12,"column":9}},"7":{"start":{"line":11,"column":12},"end":{"line":11,"column":53}},"8":{"start":{"line":13,"column":27},"end":{"line":13,"column":66}},"9":{"start":{"line":14,"column":8},"end":{"line":16,"column":9}},"10":{"start":{"line":15,"column":12},"end":{"line":15,"column":59}},"11":{"start":{"line":18,"column":34},"end":{"line":21,"column":10}},"12":{"start":{"line":22,"column":8},"end":{"line":24,"column":9}},"13":{"start":{"line":23,"column":12},"end":{"line":23,"column":68}},"14":{"start":{"line":26,"column":29},"end":{"line":30,"column":10}},"15":{"start":{"line":31,"column":8},"end":{"line":31,"column":34}},"16":{"start":{"line":32,"column":8},"end":{"line":32,"column":28}},"17":{"start":{"line":37,"column":15},"end":{"line":40,"column":1}},"18":{"start":{"line":38,"column":26},"end":{"line":38,"column":60}},"19":{"start":{"line":39,"column":4},"end":{"line":39,"column":25}},"20":{"start":{"line":42,"column":18},"end":{"line":59,"column":1}},"21":{"start":{"line":43,"column":4},"end":{"line":45,"column":5}},"22":{"start":{"line":44,"column":8},"end":{"line":44,"column":55}},"23":{"start":{"line":47,"column":2},"end":{"line":58,"column":12}},"24":{"start":{"line":62,"column":16},"end":{"line":68,"column":1}},"25":{"start":{"line":63,"column":25},"end":{"line":63,"column":63}},"26":{"start":{"line":64,"column":4},"end":{"line":66,"column":5}},"27":{"start":{"line":65,"column":8},"end":{"line":65,"column":57}},"28":{"start":{"line":67,"column":4},"end":{"line":67,"column":24}},"29":{"start":{"line":70,"column":24},"end":{"line":82,"column":1}},"30":{"start":{"line":71,"column":4},"end":{"line":73,"column":5}},"31":{"start":{"line":72,"column":8},"end":{"line":72,"column":61}},"32":{"start":{"line":75,"column":4},"end":{"line":81,"column":16}},"33":{"start":{"line":86,"column":27},"end":{"line":97,"column":1}},"34":{"start":{"line":87,"column":25},"end":{"line":91,"column":13}},"35":{"start":{"line":92,"column":4},"end":{"line":94,"column":5}},"36":{"start":{"line":93,"column":8},"end":{"line":93,"column":57}},"37":{"start":{"line":95,"column":4},"end":{"line":95,"column":35}},"38":{"start":{"line":96,"column":4},"end":{"line":96,"column":16}},"39":{"start":{"line":99,"column":0},"end":{"line":106,"column":1}}},"fnMap":{"0":{"name":"(anonymous_0)","decl":{"start":{"line":7,"column":15},"end":{"line":7,"column":16}},"loc":{"start":{"line":7,"column":47},"end":{"line":33,"column":1}},"line":7},"1":{"name":"(anonymous_1)","decl":{"start":{"line":37,"column":15},"end":{"line":37,"column":16}},"loc":{"start":{"line":37,"column":27},"end":{"line":40,"column":1}},"line":37},"2":{"name":"(anonymous_2)","decl":{"start":{"line":42,"column":18},"end":{"line":42,"column":19}},"loc":{"start":{"line":42,"column":36},"end":{"line":59,"column":1}},"line":42},"3":{"name":"(anonymous_3)","decl":{"start":{"line":62,"column":16},"end":{"line":62,"column":17}},"loc":{"start":{"line":62,"column":30},"end":{"line":68,"column":1}},"line":62},"4":{"name":"(anonymous_4)","decl":{"start":{"line":70,"column":24},"end":{"line":70,"column":25}},"loc":{"start":{"line":70,"column":48},"end":{"line":82,"column":1}},"line":70},"5":{"name":"(anonymous_5)","decl":{"start":{"line":86,"column":27},"end":{"line":86,"column":28}},"loc":{"start":{"line":86,"column":74},"end":{"line":97,"column":1}},"line":86}},"branchMap":{"0":{"loc":{"start":{"line":10,"column":8},"end":{"line":12,"column":9}},"type":"if","locations":[{"start":{"line":10,"column":8},"end":{"line":12,"column":9}},{"start":{},"end":{}}],"line":10},"1":{"loc":{"start":{"line":14,"column":8},"end":{"line":16,"column":9}},"type":"if","locations":[{"start":{"line":14,"column":8},"end":{"line":16,"column":9}},{"start":{},"end":{}}],"line":14},"2":{"loc":{"start":{"line":22,"column":8},"end":{"line":24,"column":9}},"type":"if","locations":[{"start":{"line":22,"column":8},"end":{"line":24,"column":9}},{"start":{},"end":{}}],"line":22},"3":{"loc":{"start":{"line":43,"column":4},"end":{"line":45,"column":5}},"type":"if","locations":[{"start":{"line":43,"column":4},"end":{"line":45,"column":5}},{"start":{},"end":{}}],"line":43},"4":{"loc":{"start":{"line":64,"column":4},"end":{"line":66,"column":5}},"type":"if","locations":[{"start":{"line":64,"column":4},"end":{"line":66,"column":5}},{"start":{},"end":{}}],"line":64},"5":{"loc":{"start":{"line":71,"column":4},"end":{"line":73,"column":5}},"type":"if","locations":[{"start":{"line":71,"column":4},"end":{"line":73,"column":5}},{"start":{},"end":{}}],"line":71},"6":{"loc":{"start":{"line":92,"column":4},"end":{"line":94,"column":5}},"type":"if","locations":[{"start":{"line":92,"column":4},"end":{"line":94,"column":5}},{"start":{},"end":{}}],"line":92}},"s":{"0":7,"1":7,"2":7,"3":7,"4":7,"5":12,"6":12,"7":2,"8":10,"9":10,"10":2,"11":8,"12":8,"13":2,"14":6,"15":6,"16":6,"17":7,"18":3,"19":3,"20":7,"21":0,"22":0,"23":0,"24":7,"25":4,"26":4,"27":2,"28":2,"29":7,"30":0,"31":0,"32":0,"33":7,"34":6,"35":6,"36":4,"37":2,"38":2,"39":7},"f":{"0":12,"1":3,"2":0,"3":4,"4":0,"5":6},"b":{"0":[2,10],"1":[2,8],"2":[2,6],"3":[0,0],"4":[2,2],"5":[0,0],"6":[4,2]},"_coverageSchema":"1a1c01bbd47fc00a2c39e90264f33305004495a9","hash":"1920449162b97f3dd7d829827af67703d9499557"}
,"/Users/juliangarcia/Developer/habits-app/backend/services/partidoService.js": {"path":"/Users/juliangarcia/Developer/habits-app/backend/services/partidoService.js","statementMap":{"0":{"start":{"line":1,"column":16},"end":{"line":1,"column":44}},"1":{"start":{"line":2,"column":53},"end":{"line":2,"column":92}},"2":{"start":{"line":3,"column":21},"end":{"line":3,"column":35}},"3":{"start":{"line":4,"column":17},"end":{"line":4,"column":45}},"4":{"start":{"line":7,"column":15},"end":{"line":17,"column":1}},"5":{"start":{"line":8,"column":4},"end":{"line":16,"column":5}},"6":{"start":{"line":9,"column":32},"end":{"line":9,"column":65}},"7":{"start":{"line":10,"column":27},"end":{"line":10,"column":64}},"8":{"start":{"line":11,"column":8},"end":{"line":11,"column":26}},"9":{"start":{"line":13,"column":8},"end":{"line":15,"column":9}},"10":{"start":{"line":14,"column":12},"end":{"line":14,"column":74}},"11":{"start":{"line":19,"column":16},"end":{"line":25,"column":1}},"12":{"start":{"line":20,"column":20},"end":{"line":20,"column":46}},"13":{"start":{"line":21,"column":4},"end":{"line":23,"column":5}},"14":{"start":{"line":22,"column":8},"end":{"line":22,"column":53}},"15":{"start":{"line":24,"column":4},"end":{"line":24,"column":19}},"16":{"start":{"line":27,"column":15},"end":{"line":74,"column":1}},"17":{"start":{"line":28,"column":18},"end":{"line":28,"column":20}},"18":{"start":{"line":30,"column":4},"end":{"line":32,"column":5}},"19":{"start":{"line":31,"column":8},"end":{"line":31,"column":36}},"20":{"start":{"line":34,"column":4},"end":{"line":36,"column":5}},"21":{"start":{"line":35,"column":8},"end":{"line":35,"column":48}},"22":{"start":{"line":38,"column":4},"end":{"line":40,"column":5}},"23":{"start":{"line":39,"column":8},"end":{"line":39,"column":38}},"24":{"start":{"line":42,"column":4},"end":{"line":47,"column":5}},"25":{"start":{"line":43,"column":22},"end":{"line":43,"column":45}},"26":{"start":{"line":44,"column":29},"end":{"line":44,"column":44}},"27":{"start":{"line":45,"column":8},"end":{"line":45,"column":57}},"28":{"start":{"line":46,"column":8},"end":{"line":46,"column":57}},"29":{"start":{"line":49,"column":4},"end":{"line":62,"column":5}},"30":{"start":{"line":50,"column":21},"end":{"line":50,"column":45}},"31":{"start":{"line":51,"column":8},"end":{"line":61,"column":9}},"32":{"start":{"line":52,"column":12},"end":{"line":55,"column":14}},"33":{"start":{"line":56,"column":15},"end":{"line":61,"column":9}},"34":{"start":{"line":57,"column":12},"end":{"line":60,"column":14}},"35":{"start":{"line":64,"column":17},"end":{"line":64,"column":48}},"36":{"start":{"line":65,"column":18},"end":{"line":65,"column":51}},"37":{"start":{"line":66,"column":17},"end":{"line":66,"column":35}},"38":{"start":{"line":68,"column":21},"end":{"line":71,"column":27}},"39":{"start":{"line":73,"column":4},"end":{"line":73,"column":20}},"40":{"start":{"line":76,"column":15},"end":{"line":92,"column":1}},"41":{"start":{"line":77,"column":4},"end":{"line":91,"column":5}},"42":{"start":{"line":78,"column":32},"end":{"line":78,"column":65}},"43":{"start":{"line":79,"column":31},"end":{"line":79,"column":98}},"44":{"start":{"line":80,"column":8},"end":{"line":82,"column":9}},"45":{"start":{"line":81,"column":12},"end":{"line":81,"column":57}},"46":{"start":{"line":83,"column":8},"end":{"line":83,"column":30}},"47":{"start":{"line":85,"column":8},"end":{"line":87,"column":9}},"48":{"start":{"line":86,"column":12},"end":{"line":86,"column":24}},"49":{"start":{"line":88,"column":8},"end":{"line":90,"column":9}},"50":{"start":{"line":89,"column":12},"end":{"line":89,"column":60}},"51":{"start":{"line":94,"column":22},"end":{"line":100,"column":1}},"52":{"start":{"line":95,"column":27},"end":{"line":95,"column":62}},"53":{"start":{"line":96,"column":4},"end":{"line":98,"column":5}},"54":{"start":{"line":97,"column":8},"end":{"line":97,"column":53}},"55":{"start":{"line":99,"column":4},"end":{"line":99,"column":26}},"56":{"start":{"line":102,"column":0},"end":{"line":108,"column":1}}},"fnMap":{"0":{"name":"(anonymous_0)","decl":{"start":{"line":7,"column":15},"end":{"line":7,"column":16}},"loc":{"start":{"line":7,"column":33},"end":{"line":17,"column":1}},"line":7},"1":{"name":"(anonymous_1)","decl":{"start":{"line":19,"column":16},"end":{"line":19,"column":17}},"loc":{"start":{"line":19,"column":30},"end":{"line":25,"column":1}},"line":19},"2":{"name":"(anonymous_2)","decl":{"start":{"line":27,"column":15},"end":{"line":27,"column":16}},"loc":{"start":{"line":27,"column":39},"end":{"line":74,"column":1}},"line":27},"3":{"name":"(anonymous_3)","decl":{"start":{"line":76,"column":15},"end":{"line":76,"column":16}},"loc":{"start":{"line":76,"column":37},"end":{"line":92,"column":1}},"line":76},"4":{"name":"(anonymous_4)","decl":{"start":{"line":94,"column":22},"end":{"line":94,"column":23}},"loc":{"start":{"line":94,"column":36},"end":{"line":100,"column":1}},"line":94}},"branchMap":{"0":{"loc":{"start":{"line":13,"column":8},"end":{"line":15,"column":9}},"type":"if","locations":[{"start":{"line":13,"column":8},"end":{"line":15,"column":9}},{"start":{},"end":{}}],"line":13},"1":{"loc":{"start":{"line":21,"column":4},"end":{"line":23,"column":5}},"type":"if","locations":[{"start":{"line":21,"column":4},"end":{"line":23,"column":5}},{"start":{},"end":{}}],"line":21},"2":{"loc":{"start":{"line":27,"column":22},"end":{"line":27,"column":34}},"type":"default-arg","locations":[{"start":{"line":27,"column":32},"end":{"line":27,"column":34}}],"line":27},"3":{"loc":{"start":{"line":30,"column":4},"end":{"line":32,"column":5}},"type":"if","locations":[{"start":{"line":30,"column":4},"end":{"line":32,"column":5}},{"start":{},"end":{}}],"line":30},"4":{"loc":{"start":{"line":34,"column":4},"end":{"line":36,"column":5}},"type":"if","locations":[{"start":{"line":34,"column":4},"end":{"line":36,"column":5}},{"start":{},"end":{}}],"line":34},"5":{"loc":{"start":{"line":38,"column":4},"end":{"line":40,"column":5}},"type":"if","locations":[{"start":{"line":38,"column":4},"end":{"line":40,"column":5}},{"start":{},"end":{}}],"line":38},"6":{"loc":{"start":{"line":42,"column":4},"end":{"line":47,"column":5}},"type":"if","locations":[{"start":{"line":42,"column":4},"end":{"line":47,"column":5}},{"start":{},"end":{}}],"line":42},"7":{"loc":{"start":{"line":49,"column":4},"end":{"line":62,"column":5}},"type":"if","locations":[{"start":{"line":49,"column":4},"end":{"line":62,"column":5}},{"start":{},"end":{}}],"line":49},"8":{"loc":{"start":{"line":49,"column":8},"end":{"line":49,"column":38}},"type":"binary-expr","locations":[{"start":{"line":49,"column":8},"end":{"line":49,"column":22}},{"start":{"line":49,"column":26},"end":{"line":49,"column":38}}],"line":49},"9":{"loc":{"start":{"line":51,"column":8},"end":{"line":61,"column":9}},"type":"if","locations":[{"start":{"line":51,"column":8},"end":{"line":61,"column":9}},{"start":{"line":56,"column":15},"end":{"line":61,"column":9}}],"line":51},"10":{"loc":{"start":{"line":56,"column":15},"end":{"line":61,"column":9}},"type":"if","locations":[{"start":{"line":56,"column":15},"end":{"line":61,"column":9}},{"start":{},"end":{}}],"line":56},"11":{"loc":{"start":{"line":64,"column":17},"end":{"line":64,"column":48}},"type":"binary-expr","locations":[{"start":{"line":64,"column":17},"end":{"line":64,"column":43}},{"start":{"line":64,"column":47},"end":{"line":64,"column":48}}],"line":64},"12":{"loc":{"start":{"line":65,"column":18},"end":{"line":65,"column":51}},"type":"binary-expr","locations":[{"start":{"line":65,"column":18},"end":{"line":65,"column":45}},{"start":{"line":65,"column":49},"end":{"line":65,"column":51}}],"line":65},"13":{"loc":{"start":{"line":80,"column":8},"end":{"line":82,"column":9}},"type":"if","locations":[{"start":{"line":80,"column":8},"end":{"line":82,"column":9}},{"start":{},"end":{}}],"line":80},"14":{"loc":{"start":{"line":85,"column":8},"end":{"line":87,"column":9}},"type":"if","locations":[{"start":{"line":85,"column":8},"end":{"line":87,"column":9}},{"start":{},"end":{}}],"line":85},"15":{"loc":{"start":{"line":88,"column":8},"end":{"line":90,"column":9}},"type":"if","locations":[{"start":{"line":88,"column":8},"end":{"line":90,"column":9}},{"start":{},"end":{}}],"line":88},"16":{"loc":{"start":{"line":96,"column":4},"end":{"line":98,"column":5}},"type":"if","locations":[{"start":{"line":96,"column":4},"end":{"line":98,"column":5}},{"start":{},"end":{}}],"line":96}},"s":{"0":7,"1":7,"2":7,"3":7,"4":7,"5":10,"6":10,"7":9,"8":9,"9":1,"10":1,"11":7,"12":4,"13":4,"14":2,"15":2,"16":7,"17":2,"18":2,"19":0,"20":2,"21":0,"22":2,"23":0,"24":2,"25":0,"26":0,"27":0,"28":0,"29":2,"30":0,"31":0,"32":0,"33":0,"34":0,"35":2,"36":2,"37":2,"38":2,"39":2,"40":7,"41":5,"42":5,"43":4,"44":4,"45":2,"46":2,"47":3,"48":2,"49":1,"50":1,"51":7,"52":4,"53":4,"54":2,"55":2,"56":7},"f":{"0":10,"1":4,"2":2,"3":5,"4":4},"b":{"0":[1,0],"1":[2,2],"2":[1],"3":[0,2],"4":[0,2],"5":[0,2],"6":[0,2],"7":[0,2],"8":[2,2],"9":[0,0],"10":[0,0],"11":[2,2],"12":[2,2],"13":[2,2],"14":[2,1],"15":[1,0],"16":[2,2]},"_coverageSchema":"1a1c01bbd47fc00a2c39e90264f33305004495a9","hash":"7a2f6e2ceac6b1b14fc3a602249fc501151bf200"}
,"/Users/juliangarcia/Developer/habits-app/backend/services/predictionService.js": {"path":"/Users/juliangarcia/Developer/habits-app/backend/services/predictionService.js","statementMap":{"0":{"start":{"line":1,"column":19},"end":{"line":1,"column":50}},"1":{"start":{"line":2,"column":21},"end":{"line":2,"column":54}},"2":{"start":{"line":3,"column":16},"end":{"line":3,"column":44}},"3":{"start":{"line":4,"column":17},"end":{"line":4,"column":45}},"4":{"start":{"line":5,"column":21},"end":{"line":5,"column":35}},"5":{"start":{"line":6,"column":81},"end":{"line":6,"column":120}},"6":{"start":{"line":8,"column":15},"end":{"line":46,"column":1}},"7":{"start":{"line":9,"column":4},"end":{"line":45,"column":5}},"8":{"start":{"line":10,"column":32},"end":{"line":10,"column":68}},"9":{"start":{"line":11,"column":27},"end":{"line":11,"column":58}},"10":{"start":{"line":12,"column":35},"end":{"line":15,"column":10}},"11":{"start":{"line":16,"column":8},"end":{"line":18,"column":9}},"12":{"start":{"line":17,"column":12},"end":{"line":17,"column":96}},"13":{"start":{"line":20,"column":29},"end":{"line":20,"column":81}},"14":{"start":{"line":21,"column":8},"end":{"line":23,"column":9}},"15":{"start":{"line":22,"column":12},"end":{"line":22,"column":62}},"16":{"start":{"line":24,"column":24},"end":{"line":24,"column":66}},"17":{"start":{"line":25,"column":8},"end":{"line":27,"column":9}},"18":{"start":{"line":26,"column":12},"end":{"line":26,"column":57}},"19":{"start":{"line":29,"column":20},"end":{"line":29,"column":30}},"20":{"start":{"line":30,"column":26},"end":{"line":30,"column":49}},"21":{"start":{"line":31,"column":21},"end":{"line":31,"column":36}},"22":{"start":{"line":32,"column":8},"end":{"line":34,"column":9}},"23":{"start":{"line":33,"column":12},"end":{"line":33,"column":106}},"24":{"start":{"line":36,"column":32},"end":{"line":36,"column":55}},"25":{"start":{"line":37,"column":8},"end":{"line":37,"column":31}},"26":{"start":{"line":39,"column":8},"end":{"line":41,"column":9}},"27":{"start":{"line":40,"column":12},"end":{"line":40,"column":73}},"28":{"start":{"line":42,"column":8},"end":{"line":44,"column":9}},"29":{"start":{"line":43,"column":12},"end":{"line":43,"column":20}},"30":{"start":{"line":48,"column":12},"end":{"line":54,"column":1}},"31":{"start":{"line":49,"column":23},"end":{"line":49,"column":59}},"32":{"start":{"line":50,"column":4},"end":{"line":52,"column":5}},"33":{"start":{"line":51,"column":8},"end":{"line":51,"column":56}},"34":{"start":{"line":53,"column":4},"end":{"line":53,"column":22}},"35":{"start":{"line":56,"column":26},"end":{"line":59,"column":1}},"36":{"start":{"line":57,"column":24},"end":{"line":57,"column":72}},"37":{"start":{"line":58,"column":4},"end":{"line":58,"column":23}},"38":{"start":{"line":61,"column":21},"end":{"line":64,"column":1}},"39":{"start":{"line":62,"column":24},"end":{"line":62,"column":74}},"40":{"start":{"line":63,"column":4},"end":{"line":63,"column":23}},"41":{"start":{"line":66,"column":15},"end":{"line":96,"column":1}},"42":{"start":{"line":67,"column":4},"end":{"line":95,"column":5}},"43":{"start":{"line":68,"column":32},"end":{"line":68,"column":68}},"44":{"start":{"line":69,"column":27},"end":{"line":69,"column":63}},"45":{"start":{"line":70,"column":8},"end":{"line":72,"column":9}},"46":{"start":{"line":71,"column":12},"end":{"line":71,"column":60}},"47":{"start":{"line":74,"column":24},"end":{"line":74,"column":66}},"48":{"start":{"line":75,"column":8},"end":{"line":77,"column":9}},"49":{"start":{"line":76,"column":12},"end":{"line":76,"column":57}},"50":{"start":{"line":79,"column":20},"end":{"line":79,"column":30}},"51":{"start":{"line":80,"column":26},"end":{"line":80,"column":49}},"52":{"start":{"line":81,"column":21},"end":{"line":81,"column":36}},"53":{"start":{"line":82,"column":8},"end":{"line":84,"column":9}},"54":{"start":{"line":83,"column":12},"end":{"line":83,"column":106}},"55":{"start":{"line":86,"column":34},"end":{"line":86,"column":111}},"56":{"start":{"line":87,"column":8},"end":{"line":87,"column":33}},"57":{"start":{"line":89,"column":8},"end":{"line":91,"column":9}},"58":{"start":{"line":90,"column":12},"end":{"line":90,"column":73}},"59":{"start":{"line":92,"column":8},"end":{"line":94,"column":9}},"60":{"start":{"line":93,"column":12},"end":{"line":93,"column":20}},"61":{"start":{"line":98,"column":20},"end":{"line":169,"column":1}},"62":{"start":{"line":99,"column":4},"end":{"line":168,"column":5}},"63":{"start":{"line":101,"column":30},"end":{"line":101,"column":74}},"64":{"start":{"line":102,"column":37},"end":{"line":102,"column":62}},"65":{"start":{"line":104,"column":24},"end":{"line":104,"column":26}},"66":{"start":{"line":105,"column":23},"end":{"line":105,"column":25}},"67":{"start":{"line":107,"column":8},"end":{"line":160,"column":9}},"68":{"start":{"line":108,"column":12},"end":{"line":159,"column":13}},"69":{"start":{"line":110,"column":43},"end":{"line":113,"column":18}},"70":{"start":{"line":116,"column":32},"end":{"line":116,"column":72}},"71":{"start":{"line":117,"column":16},"end":{"line":123,"column":17}},"72":{"start":{"line":118,"column":20},"end":{"line":121,"column":23}},"73":{"start":{"line":122,"column":20},"end":{"line":122,"column":29}},"74":{"start":{"line":125,"column":28},"end":{"line":125,"column":38}},"75":{"start":{"line":126,"column":34},"end":{"line":126,"column":57}},"76":{"start":{"line":127,"column":29},"end":{"line":127,"column":44}},"77":{"start":{"line":128,"column":16},"end":{"line":134,"column":17}},"78":{"start":{"line":129,"column":20},"end":{"line":132,"column":23}},"79":{"start":{"line":133,"column":20},"end":{"line":133,"column":29}},"80":{"start":{"line":137,"column":16},"end":{"line":153,"column":17}},"81":{"start":{"line":139,"column":20},"end":{"line":146,"column":22}},"82":{"start":{"line":147,"column":20},"end":{"line":147,"column":76}},"83":{"start":{"line":150,"column":42},"end":{"line":150,"column":66}},"84":{"start":{"line":151,"column":20},"end":{"line":151,"column":56}},"85":{"start":{"line":152,"column":20},"end":{"line":152,"column":76}},"86":{"start":{"line":155,"column":16},"end":{"line":158,"column":19}},"87":{"start":{"line":162,"column":8},"end":{"line":162,"column":35}},"88":{"start":{"line":164,"column":8},"end":{"line":166,"column":9}},"89":{"start":{"line":165,"column":12},"end":{"line":165,"column":79}},"90":{"start":{"line":167,"column":8},"end":{"line":167,"column":16}},"91":{"start":{"line":171,"column":25},"end":{"line":177,"column":1}},"92":{"start":{"line":172,"column":23},"end":{"line":172,"column":68}},"93":{"start":{"line":173,"column":4},"end":{"line":175,"column":5}},"94":{"start":{"line":174,"column":8},"end":{"line":174,"column":56}},"95":{"start":{"line":176,"column":4},"end":{"line":176,"column":22}},"96":{"start":{"line":179,"column":0},"end":{"line":187,"column":1}}},"fnMap":{"0":{"name":"(anonymous_0)","decl":{"start":{"line":8,"column":15},"end":{"line":8,"column":16}},"loc":{"start":{"line":8,"column":33},"end":{"line":46,"column":1}},"line":8},"1":{"name":"(anonymous_1)","decl":{"start":{"line":48,"column":12},"end":{"line":48,"column":13}},"loc":{"start":{"line":48,"column":26},"end":{"line":54,"column":1}},"line":48},"2":{"name":"(anonymous_2)","decl":{"start":{"line":56,"column":26},"end":{"line":56,"column":27}},"loc":{"start":{"line":56,"column":40},"end":{"line":59,"column":1}},"line":56},"3":{"name":"(anonymous_3)","decl":{"start":{"line":61,"column":21},"end":{"line":61,"column":22}},"loc":{"start":{"line":61,"column":42},"end":{"line":64,"column":1}},"line":61},"4":{"name":"(anonymous_4)","decl":{"start":{"line":66,"column":15},"end":{"line":66,"column":16}},"loc":{"start":{"line":66,"column":37},"end":{"line":96,"column":1}},"line":66},"5":{"name":"(anonymous_5)","decl":{"start":{"line":98,"column":20},"end":{"line":98,"column":21}},"loc":{"start":{"line":98,"column":43},"end":{"line":169,"column":1}},"line":98},"6":{"name":"(anonymous_6)","decl":{"start":{"line":171,"column":25},"end":{"line":171,"column":26}},"loc":{"start":{"line":171,"column":39},"end":{"line":177,"column":1}},"line":171}},"branchMap":{"0":{"loc":{"start":{"line":16,"column":8},"end":{"line":18,"column":9}},"type":"if","locations":[{"start":{"line":16,"column":8},"end":{"line":18,"column":9}},{"start":{},"end":{}}],"line":16},"1":{"loc":{"start":{"line":21,"column":8},"end":{"line":23,"column":9}},"type":"if","locations":[{"start":{"line":21,"column":8},"end":{"line":23,"column":9}},{"start":{},"end":{}}],"line":21},"2":{"loc":{"start":{"line":25,"column":8},"end":{"line":27,"column":9}},"type":"if","locations":[{"start":{"line":25,"column":8},"end":{"line":27,"column":9}},{"start":{},"end":{}}],"line":25},"3":{"loc":{"start":{"line":32,"column":8},"end":{"line":34,"column":9}},"type":"if","locations":[{"start":{"line":32,"column":8},"end":{"line":34,"column":9}},{"start":{},"end":{}}],"line":32},"4":{"loc":{"start":{"line":39,"column":8},"end":{"line":41,"column":9}},"type":"if","locations":[{"start":{"line":39,"column":8},"end":{"line":41,"column":9}},{"start":{},"end":{}}],"line":39},"5":{"loc":{"start":{"line":42,"column":8},"end":{"line":44,"column":9}},"type":"if","locations":[{"start":{"line":42,"column":8},"end":{"line":44,"column":9}},{"start":{},"end":{}}],"line":42},"6":{"loc":{"start":{"line":50,"column":4},"end":{"line":52,"column":5}},"type":"if","locations":[{"start":{"line":50,"column":4},"end":{"line":52,"column":5}},{"start":{},"end":{}}],"line":50},"7":{"loc":{"start":{"line":70,"column":8},"end":{"line":72,"column":9}},"type":"if","locations":[{"start":{"line":70,"column":8},"end":{"line":72,"column":9}},{"start":{},"end":{}}],"line":70},"8":{"loc":{"start":{"line":75,"column":8},"end":{"line":77,"column":9}},"type":"if","locations":[{"start":{"line":75,"column":8},"end":{"line":77,"column":9}},{"start":{},"end":{}}],"line":75},"9":{"loc":{"start":{"line":82,"column":8},"end":{"line":84,"column":9}},"type":"if","locations":[{"start":{"line":82,"column":8},"end":{"line":84,"column":9}},{"start":{},"end":{}}],"line":82},"10":{"loc":{"start":{"line":89,"column":8},"end":{"line":91,"column":9}},"type":"if","locations":[{"start":{"line":89,"column":8},"end":{"line":91,"column":9}},{"start":{},"end":{}}],"line":89},"11":{"loc":{"start":{"line":92,"column":8},"end":{"line":94,"column":9}},"type":"if","locations":[{"start":{"line":92,"column":8},"end":{"line":94,"column":9}},{"start":{},"end":{}}],"line":92},"12":{"loc":{"start":{"line":117,"column":16},"end":{"line":123,"column":17}},"type":"if","locations":[{"start":{"line":117,"column":16},"end":{"line":123,"column":17}},{"start":{},"end":{}}],"line":117},"13":{"loc":{"start":{"line":128,"column":16},"end":{"line":134,"column":17}},"type":"if","locations":[{"start":{"line":128,"column":16},"end":{"line":134,"column":17}},{"start":{},"end":{}}],"line":128},"14":{"loc":{"start":{"line":137,"column":16},"end":{"line":153,"column":17}},"type":"if","locations":[{"start":{"line":137,"column":16},"end":{"line":153,"column":17}},{"start":{"line":148,"column":23},"end":{"line":153,"column":17}}],"line":137},"15":{"loc":{"start":{"line":164,"column":8},"end":{"line":166,"column":9}},"type":"if","locations":[{"start":{"line":164,"column":8},"end":{"line":166,"column":9}},{"start":{},"end":{}}],"line":164},"16":{"loc":{"start":{"line":173,"column":4},"end":{"line":175,"column":5}},"type":"if","locations":[{"start":{"line":173,"column":4},"end":{"line":175,"column":5}},{"start":{},"end":{}}],"line":173}},"s":{"0":7,"1":7,"2":7,"3":7,"4":7,"5":7,"6":7,"7":14,"8":14,"9":13,"10":13,"11":13,"12":1,"13":12,"14":12,"15":1,"16":11,"17":11,"18":1,"19":10,"20":10,"21":10,"22":10,"23":1,"24":9,"25":9,"26":5,"27":1,"28":4,"29":4,"30":7,"31":2,"32":2,"33":1,"34":1,"35":7,"36":2,"37":2,"38":7,"39":1,"40":1,"41":7,"42":4,"43":4,"44":3,"45":3,"46":1,"47":2,"48":2,"49":0,"50":2,"51":2,"52":2,"53":2,"54":1,"55":1,"56":1,"57":3,"58":1,"59":2,"60":2,"61":7,"62":0,"63":0,"64":0,"65":0,"66":0,"67":0,"68":0,"69":0,"70":0,"71":0,"72":0,"73":0,"74":0,"75":0,"76":0,"77":0,"78":0,"79":0,"80":0,"81":0,"82":0,"83":0,"84":0,"85":0,"86":0,"87":0,"88":0,"89":0,"90":0,"91":7,"92":2,"93":2,"94":1,"95":1,"96":7},"f":{"0":14,"1":2,"2":2,"3":1,"4":4,"5":0,"6":2},"b":{"0":[1,12],"1":[1,11],"2":[1,10],"3":[1,9],"4":[1,4],"5":[4,0],"6":[1,1],"7":[1,2],"8":[0,2],"9":[1,1],"10":[1,2],"11":[2,0],"12":[0,0],"13":[0,0],"14":[0,0],"15":[0,0],"16":[1,1]},"_coverageSchema":"1a1c01bbd47fc00a2c39e90264f33305004495a9","hash":"840778d83a9c5e889e999a552014e
[...]
:66,"column":12},"end":{"line":66,"column":70}},"36":{"start":{"line":69,"column":8},"end":{"line":71,"column":9}},"37":{"start":{"line":70,"column":12},"end":{"line":70,"column":24}},"38":{"start":{"line":73,"column":8},"end":{"line":73,"column":78}},"39":{"start":{"line":77,"column":22},"end":{"line":85,"column":1}},"40":{"start":{"line":78,"column":23},"end":{"line":80,"column":28}},"41":{"start":{"line":81,"column":4},"end":{"line":83,"column":5}},"42":{"start":{"line":82,"column":8},"end":{"line":82,"column":56}},"43":{"start":{"line":84,"column":4},"end":{"line":84,"column":22}},"44":{"start":{"line":87,"column":25},"end":{"line":122,"column":1}},"45":{"start":{"line":88,"column":4},"end":{"line":121,"column":5}},"46":{"start":{"line":89,"column":32},"end":{"line":89,"column":68}},"47":{"start":{"line":90,"column":27},"end":{"line":90,"column":56}},"48":{"start":{"line":91,"column":8},"end":{"line":93,"column":9}},"49":{"start":{"line":92,"column":12},"end":{"line":92,"column":60}},"50":{"start":{"line":94,"column":8},"end":{"line":99,"column":9}},"51":{"start":{"line":95,"column":12},"end":{"line":98,"column":14}},"52":{"start":{"line":102,"column":27},"end":{"line":102,"column":49}},"53":{"start":{"line":103,"column":8},"end":{"line":105,"column":9}},"54":{"start":{"line":104,"column":12},"end":{"line":104,"column":39}},"55":{"start":{"line":107,"column":34},"end":{"line":111,"column":9}},"56":{"start":{"line":112,"column":8},"end":{"line":112,"column":33}},"57":{"start":{"line":114,"column":8},"end":{"line":116,"column":9}},"58":{"start":{"line":115,"column":12},"end":{"line":115,"column":68}},"59":{"start":{"line":117,"column":8},"end":{"line":119,"column":9}},"60":{"start":{"line":118,"column":12},"end":{"line":118,"column":22}},"61":{"start":{"line":120,"column":8},"end":{"line":120,"column":61}},"62":{"start":{"line":124,"column":25},"end":{"line":135,"column":1}},"63":{"start":{"line":125,"column":23},"end":{"line":125,"column":52}},"64":{"start":{"line":126,"column":4},"end":{"line":128,"column":5}},"65":{"start":{"line":127,"column":8},"end":{"line":127,"column":56}},"66":{"start":{"line":129,"column":4},"end":{"line":131,"column":5}},"67":{"start":{"line":130,"column":8},"end":{"line":130,"column":77}},"68":{"start":{"line":133,"column":4},"end":{"line":133,"column":54}},"69":{"start":{"line":134,"column":4},"end":{"line":134,"column":40}},"70":{"start":{"line":137,"column":0},"end":{"line":143,"column":2}}},"fnMap":{"0":{"name":"(anonymous_0)","decl":{"start":{"line":13,"column":15},"end":{"line":13,"column":16}},"loc":{"start":{"line":13,"column":27},"end":{"line":22,"column":1}},"line":13},"1":{"name":"(anonymous_1)","decl":{"start":{"line":15,"column":45},"end":{"line":15,"column":46}},"loc":{"start":{"line":15,"column":61},"end":{"line":19,"column":5}},"line":15},"2":{"name":"(anonymous_2)","decl":{"start":{"line":24,"column":25},"end":{"line":24,"column":26}},"loc":{"start":{"line":24,"column":43},"end":{"line":75,"column":1}},"line":24},"3":{"name":"(anonymous_3)","decl":{"start":{"line":77,"column":22},"end":{"line":77,"column":23}},"loc":{"start":{"line":77,"column":36},"end":{"line":85,"column":1}},"line":77},"4":{"name":"(anonymous_4)","decl":{"start":{"line":87,"column":25},"end":{"line":87,"column":26}},"loc":{"start":{"line":87,"column":58},"end":{"line":122,"column":1}},"line":87},"5":{"name":"(anonymous_5)","decl":{"start":{"line":124,"column":25},"end":{"line":124,"column":26}},"loc":{"start":{"line":124,"column":50},"end":{"line":135,"column":1}},"line":124}},"branchMap":{"0":{"loc":{"start":{"line":31,"column":8},"end":{"line":33,"column":9}},"type":"if","locations":[{"start":{"line":31,"column":8},"end":{"line":33,"column":9}},{"start":{},"end":{}}],"line":31},"1":{"loc":{"start":{"line":38,"column":8},"end":{"line":40,"column":9}},"type":"if","locations":[{"start":{"line":38,"column":8},"end":{"line":40,"column":9}},{"start":{},"end":{}}],"line":38},"2":{"loc":{"start":{"line":43,"column":8},"end":{"line":45,"column":9}},"type":"if","locations":[{"start":{"line":43,"column":8},"end":{"line":45,"column":9}},{"start":{},"end":{}}],"line":43},"3":{"loc":{"start":{"line":49,"column":8},"end":{"line":51,"column":9}},"type":"if","locations":[{"start":{"line":49,"column":8},"end":{"line":51,"column":9}},{"start":{},"end":{}}],"line":49},"4":{"loc":{"start":{"line":65,"column":8},"end":{"line":67,"column":9}},"type":"if","locations":[{"start":{"line":65,"column":8},"end":{"line":67,"column":9}},{"start":{},"end":{}}],"line":65},"5":{"loc":{"start":{"line":69,"column":8},"end":{"line":71,"column":9}},"type":"if","locations":[{"start":{"line":69,"column":8},"end":{"line":71,"column":9}},{"start":{},"end":{}}],"line":69},"6":{"loc":{"start":{"line":81,"column":4},"end":{"line":83,"column":5}},"type":"if","locations":[{"start":{"line":81,"column":4},"end":{"line":83,"column":5}},{"start":{},"end":{}}],"line":81},"7":{"loc":{"start":{"line":91,"column":8},"end":{"line":93,"column":9}},"type":"if","locations":[{"start":{"line":91,"column":8},"end":{"line":93,"column":9}},{"start":{},"end":{}}],"line":91},"8":{"loc":{"start":{"line":94,"column":8},"end":{"line":99,"column":9}},"type":"if","locations":[{"start":{"line":94,"column":8},"end":{"line":99,"column":9}},{"start":{},"end":{}}],"line":94},"9":{"loc":{"start":{"line":103,"column":8},"end":{"line":105,"column":9}},"type":"if","locations":[{"start":{"line":103,"column":8},"end":{"line":105,"column":9}},{"start":{},"end":{}}],"line":103},"10":{"loc":{"start":{"line":114,"column":8},"end":{"line":116,"column":9}},"type":"if","locations":[{"start":{"line":114,"column":8},"end":{"line":116,"column":9}},{"start":{},"end":{}}],"line":114},"11":{"loc":{"start":{"line":117,"column":8},"end":{"line":119,"column":9}},"type":"if","locations":[{"start":{"line":117,"column":8},"end":{"line":119,"column":9}},{"start":{},"end":{}}],"line":117},"12":{"loc":{"start":{"line":126,"column":4},"end":{"line":128,"column":5}},"type":"if","locations":[{"start":{"line":126,"column":4},"end":{"line":128,"column":5}},{"start":{},"end":{}}],"line":126},"13":{"loc":{"start":{"line":129,"column":4},"end":{"line":131,"column":5}},"type":"if","locations":[{"start":{"line":129,"column":4},"end":{"line":131,"column":5}},{"start":{},"end":{}}],"line":129}},"s":{"0":7,"1":7,"2":7,"3":7,"4":7,"5":7,"6":7,"7":7,"8":4,"9":4,"10":2,"11":2,"12":2,"13":4,"14":7,"15":19,"16":19,"17":17,"18":17,"19":1,"20":16,"21":16,"22":1,"23":15,"24":15,"25":1,"26":14,"27":14,"28":0,"29":14,"30":14,"31":14,"32":14,"33":14,"34":5,"35":2,"36":3,"37":3,"38":0,"39":7,"40":4,"41":3,"42":1,"43":2,"44":7,"45":6,"46":6,"47":5,"48":4,"49":1,"50":3,"51":1,"52":2,"53":2,"54":0,"55":2,"56":2,"57":4,"58":1,"59":3,"60":2,"61":1,"62":7,"63":5,"64":5,"65":1,"66":4,"67":2,"68":2,"69":2,"70":7},"f":{"0":4,"1":2,"2":19,"3":4,"4":6,"5":5},"b":{"0":[1,16],"1":[1,15],"2":[1,14],"3":[0,14],"4":[2,3],"5":[3,0],"6":[1,2],"7":[1,3],"8":[1,2],"9":[0,2],"10":[1,3],"11":[2,1],"12":[1,4],"13":[2,2]},"_coverageSchema":"1a1c01bbd47fc00a2c39e90264f33305004495a9","hash":"63f977256a41ed38537eb62179cb310862a51af4"}
,"/Users/juliangarcia/Developer/habits-app/backend/services/userService.js": {"path":"/Users/juliangarcia/Developer/habits-app/backend/services/userService.js","statementMap":{"0":{"start":{"line":1,"column":13},"end":{"line":1,"column":38}},"1":{"start":{"line":2,"column":15},"end":{"line":2,"column":32}},"2":{"start":{"line":3,"column":12},"end":{"line":3,"column":37}},"3":{"start":{"line":8,"column":4},"end":{"line":8,"column":43}},"4":{"start":{"line":9,"column":17},"end":{"line":9,"column":45}},"5":{"start":{"line":11,"column":17},"end":{"line":39,"column":1}},"6":{"start":{"line":12,"column":4},"end":{"line":38,"column":5}},"7":{"start":{"line":13,"column":32},"end":{"line":13,"column":60}},"8":{"start":{"line":14,"column":27},"end":{"line":14,"column":79}},"9":{"start":{"line":15,"column":8},"end":{"line":17,"column":9}},"10":{"start":{"line":16,"column":12},"end":{"line":16,"column":60}},"11":{"start":{"line":18,"column":37},"end":{"line":20,"column":10}},"12":{"start":{"line":21,"column":8},"end":{"line":23,"column":9}},"13":{"start":{"line":22,"column":12},"end":{"line":22,"column":64}},"14":{"start":{"line":24,"column":31},"end":{"line":24,"column":78}},"15":{"start":{"line":25,"column":21},"end":{"line":25,"column":79}},"16":{"start":{"line":26,"column":8},"end":{"line":26,"column":26}},"17":{"start":{"line":27,"column":28},"end":{"line":27,"column":43}},"18":{"start":{"line":28,"column":8},"end":{"line":28,"column":36}},"19":{"start":{"line":29,"column":8},"end":{"line":29,"column":27}},"20":{"start":{"line":31,"column":8},"end":{"line":33,"column":9}},"21":{"start":{"line":32,"column":12},"end":{"line":32,"column":68}},"22":{"start":{"line":34,"column":8},"end":{"line":36,"column":9}},"23":{"start":{"line":35,"column":12},"end":{"line":35,"column":22}},"24":{"start":{"line":37,"column":8},"end":{"line":37,"column":55}},"25":{"start":{"line":41,"column":14},"end":{"line":70,"column":1}},"26":{"start":{"line":42,"column":4},"end":{"line":69,"column":5}},"27":{"start":{"line":43,"column":32},"end":{"line":43,"column":57}},"28":{"start":{"line":44,"column":21},"end":{"line":46,"column":19}},"29":{"start":{"line":47,"column":8},"end":{"line":49,"column":9}},"30":{"start":{"line":48,"column":12},"end":{"line":48,"column":54}},"31":{"start":{"line":50,"column":32},"end":{"line":53,"column":9}},"32":{"start":{"line":54,"column":8},"end":{"line":56,"column":9}},"33":{"start":{"line":55,"column":12},"end":{"line":55,"column":57}},"34":{"start":{"line":57,"column":22},"end":{"line":57,"column":43}},"35":{"start":{"line":58,"column":26},"end":{"line":58,"column":41}},"36":{"start":{"line":59,"column":8},"end":{"line":59,"column":34}},"37":{"start":{"line":60,"column":8},"end":{"line":60,"column":42}},"38":{"start":{"line":62,"column":8},"end":{"line":64,"column":9}},"39":{"start":{"line":63,"column":12},"end":{"line":63,"column":68}},"40":{"start":{"line":65,"column":8},"end":{"line":67,"column":9}},"41":{"start":{"line":66,"column":12},"end":{"line":66,"column":22}},"42":{"start":{"line":68,"column":8},"end":{"line":68,"column":47}},"43":{"start":{"line":72,"column":20},"end":{"line":81,"column":1}},"44":{"start":{"line":73,"column":18},"end":{"line":73,"column":68}},"45":{"start":{"line":74,"column":23},"end":{"line":79,"column":6}},"46":{"start":{"line":75,"column":26},"end":{"line":75,"column":41}},"47":{"start":{"line":76,"column":8},"end":{"line":76,"column":34}},"48":{"start":{"line":77,"column":8},"end":{"line":77,"column":31}},"49":{"start":{"line":78,"column":8},"end":{"line":78,"column":25}},"50":{"start":{"line":80,"column":4},"end":{"line":80,"column":22}},"51":{"start":{"line":83,"column":16},"end":{"line":91,"column":1}},"52":{"start":{"line":84,"column":17},"end":{"line":84,"column":73}},"53":{"start":{"line":85,"column":4},"end":{"line":87,"column":5}},"54":{"start":{"line":86,"column":8},"end":{"line":86,"column":50}},"55":{"start":{"line":88,"column":22},"end":{"line":88,"column":37}},"56":{"start":{"line":89,"column":4},"end":{"line":89,"column":30}},"57":{"start":{"line":90,"column":4},"end":{"line":90,"column":21}},"58":{"start":{"line":93,"column":20},"end":{"line":110,"column":1}},"59":{"start":{"line":94,"column":4},"end":{"line":109,"column":5}},"60":{"start":{"line":95,"column":21},"end":{"line":95,"column":77}},"61":{"start":{"line":96,"column":8},"end":{"line":98,"column":9}},"62":{"start":{"line":97,"column":12},"end":{"line":97,"column":54}},"63":{"start":{"line":99,"column":26},"end":{"line":99,"column":41}},"64":{"start":{"line":100,"column":8},"end":{"line":100,"column":34}},"65":{"start":{"line":101,"column":8},"end":{"line":101,"column":30}},"66":{"start":{"line":102,"column":8},"end":{"line":102,"column":31}},"67":{"start":{"line":103,"column":8},"end":{"line":103,"column":25}},"68":{"start":{"line":105,"column":8},"end":{"line":107,"column":9}},"69":{"start":{"line":106,"column":12},"end":{"line":106,"column":22}},"70":{"start":{"line":108,"column":8},"end":{"line":108,"column":45}},"71":{"start":{"line":112,"column":17},"end":{"line":133,"column":1}},"72":{"start":{"line":113,"column":4},"end":{"line":132,"column":5}},"73":{"start":{"line":114,"column":32},"end":{"line":114,"column":60}},"74":{"start":{"line":115,"column":21},"end":{"line":117,"column":17}},"75":{"start":{"line":118,"column":8},"end":{"line":120,"column":9}},"76":{"start":{"line":119,"column":12},"end":{"line":119,"column":54}},"77":{"start":{"line":121,"column":26},"end":{"line":121,"column":41}},"78":{"start":{"line":122,"column":8},"end":{"line":122,"column":34}},"79":{"start":{"line":123,"column":8},"end":{"line":123,"column":25}},"80":{"start":{"line":125,"column":8},"end":{"line":127,"column":9}},"81":{"start":{"line":126,"column":12},"end":{"line":126,"column":56}},"82":{"start":{"line":128,"column":8},"end":{"line":130,"column":9}},"83":{"start":{"line":129,"column":12},"end":{"line":129,"column":22}},"84":{"start":{"line":131,"column":8},"end":{"line":131,"column":45}},"85":{"start":{"line":135,"column":19},"end":{"line":141,"column":1}},"86":{"start":{"line":136,"column":24},"end":{"line":136,"column":57}},"87":{"start":{"line":137,"column":4},"end":{"line":139,"column":5}},"88":{"start":{"line":138,"column":8},"end":{"line":138,"column":50}},"89":{"start":{"line":140,"column":4},"end":{"line":140,"column":16}},"90":{"start":{"line":143,"column":0},"end":{"line":151,"column":2}}},"fnMap":{"0":{"name":"(anonymous_0)","decl":{"start":{"line":11,"column":17},"end":{"line":11,"column":18}},"loc":{"start":{"line":11,"column":35},"end":{"line":39,"column":1}},"line":11},"1":{"name":"(anonymous_1)","decl":{"start":{"line":41,"column":14},"end":{"line":41,"column":15}},"loc":{"start":{"line":41,"column":32},"end":{"line":70,"column":1}},"line":41},"2":{"name":"(anonymous_2)","decl":{"start":{"line":72,"column":20},"end":{"line":72,"column":21}},"loc":{"start":{"line":72,"column":32},"end":{"line":81,"column":1}},"line":72},"3":{"name":"(anonymous_3)","decl":{"start":{"line":74,"column":33},"end":{"line":74,"column":34}},"loc":{"start":{"line":74,"column":43},"end":{"line":79,"column":5}},"line":74},"4":{"name":"(anonymous_4)","decl":{"start":{"line":83,"column":16},"end":{"line":83,"column":17}},"loc":{"start":{"line":83,"column":30},"end":{"line":91,"column":1}},"line":83},"5":{"name":"(anonymous_5)","decl":{"start":{"line":93,"column":20},"end":{"line":93,"column":21}},"loc":{"start":{"line":93,"column":34},"end":{"line":110,"column":1}},"line":93},"6":{"name":"(anonymous_6)","decl":{"start":{"line":112,"column":17},"end":{"line":112,"column":18}},"loc":{"start":{"line":112,"column":39},"end":{"line":133,"column":1}},"line":112},"7":{"name":"(anonymous_7)","decl":{"start":{"line":135,"column":19},"end":{"line":135,"column":20}},"loc":{"start":{"line":135,"column":33},"end":{"line":141,"column":1}},"line":135}},"branchMap":{"0":{"loc":{"start":{"line":15,"column":8},"end":{"line":17,"column":9}},"type":"if","locations":[{"start":{"line":15,"column":8},"end":{"line":17,"column":9}},{"start":{},"end":{}}],"line":15},"1":{"loc":{"start":{"line":21,"column":8},"end":{"line":23,"column":9}},"type":"if","locations":[{"start":{"line":21,"column":8},"end":{"line":23,"column":9}},{"start":{},"end":{}}],"line":21},"2":{"loc":{"start":{"line":31,"column":8},"end":{"line":33,"column":9}},"type":"if","locations":[{"start":{"line":31,"column":8},"end":{"line":33,"column":9}},{"start":{},"end":{}}],"line":31},"3":{"loc":{"start":{"line":34,"column":8},"end":{"line":36,"column":9}},"type":"if","locations":[{"start":{"line":34,"column":8},"end":{"line":36,"column":9}},{"start":{},"end":{}}],"line":34},"4":{"loc":{"start":{"line":47,"column":8},"end":{"line":49,"column":9}},"type":"if","locations":[{"start":{"line":47,"column":8},"end":{"line":49,"column":9}},{"start":{},"end":{}}],"line":47},"5":{"loc":{"start":{"line":54,"column":8},"end":{"line":56,"column":9}},"type":"if","locations":[{"start":{"line":54,"column":8},"end":{"line":56,"column":9}},{"start":{},"end":{}}],"line":54},"6":{"loc":{"start":{"line":62,"column":8},"end":{"line":64,"column":9}},"type":"if","locations":[{"start":{"line":62,"column":8},"end":{"line":64,"column":9}},{"start":{},"end":{}}],"line":62},"7":{"loc":{"start":{"line":65,"column":8},"end":{"line":67,"column":9}},"type":"if","locations":[{"start":{"line":65,"column":8},"end":{"line":67,"column":9}},{"start":{},"end":{}}],"line":65},"8":{"loc":{"start":{"line":85,"column":4},"end":{"line":87,"column":5}},"type":"if","locations":[{"start":{"line":85,"column":4},"end":{"line":87,"column":5}},{"start":{},"end":{}}],"line":85},"9":{"loc":{"start":{"line":96,"column":8},"end":{"line":98,"column":9}},"type":"if","locations":[{"start":{"line":96,"column":8},"end":{"line":98,"column":9}},{"start":{},"end":{}}],"line":96},"10":{"loc":{"start":{"line":105,"column":8},"end":{"line":107,"column":9}},"type":"if","locations":[{"start":{"line":105,"column":8},"end":{"line":107,"column":9}},{"start":{},"end":{}}],"line":105},"11":{"loc":{"start":{"line":118,"column":8},"end":{"line":120,"column":9}},"type":"if","locations":[{"start":{"line":118,"column":8},"end":{"line":120,"column":9}},{"start":{},"end":{}}],"line":118},"12":{"loc":{"start":{"line":125,"column":8},"end":{"line":127,"column":9}},"type":"if","locations":[{"start":{"line":125,"column":8},"end":{"line":127,"column":9}},{"start":{},"end":{}}],"line":125},"13":{"loc":{"start":{"line":128,"column":8},"end":{"line":130,"column":9}},"type":"if","locations":[{"start":{"line":128,"column":8},"end":{"line":130,"column":9}},{"start":{},"end":{}}],"line":128},"14":{"loc":{"start":{"line":137,"column":4},"end":{"line":139,"column":5}},"type":"if","locations":[{"start":{"line":137,"column":4},"end":{"line":139,"column":5}},{"start":{},"end":{}}],"line":137}},"s":{"0":7,"1":7,"2":7,"3":7,"4":7,"5":7,"6":56,"7":56,"8":49,"9":49,"10":2,"11":47,"12":47,"13":1,"14":46,"15":46,"16":46,"17":46,"18":46,"19":46,"20":10,"21":7,"22":3,"23":3,"24":0,"25":7,"26":42,"27":42,"28":37,"29":37,"30":2,"31":35,"32":35,"33":1,"34":34,"35":34,"36":34,"37":34,"38":8,"39":5,"40":3,"41":3,"42":0,"43":7,"44":4,"45":4,"46":4,"47":4,"48":4,"49":4,"50":4,"51":7,"52":4,"53":3,"54":1,"55":2,"56":2,"57":2,"58":7,"59":6,"60":6,"61":4,"62":2,"63":2,"64":2,"65":2,"66":2,"67":2,"68":4,"69":2,"70":2,"71":7,"72":4,"73":4,"74":3,"75":3,"76":1,"77":2,"78":2,"79":2,"80":2,"81":1,"82":1,"83":1,"84":0,"85":7,"86":3,"87":3,"88":1,"89":2,"90":7},"f":{"0":56,"1":42,"2":4,"3":4,"4":4,"5":6,"6":4,"7":3},"b":{"0":[2,47],"1":[1,46],"2":[7,3],"3":[3,0],"4":[2,35],"5":[1,34],"6":[5,3],"7":[3,0],"8":[1,2],"9":[2,2],"10":[2,2],"11":[1,2],"12":[1,1],"13":[1,0],"14":[1,2]},"_coverageSchema":"1a1c01bbd47fc00a2c39e90264f33305004495a9","hash":"f534a4136be5bf2c4ce7acb3df4e76a52582a6b8"}
,"/Users/juliangarcia/Developer/habits-app/backend/utils/AppError.js": {"path":"/Users/juliangarcia/Developer/habits-app/backend/utils/AppError.js","statementMap":{"0":{"start":{"line":3,"column":6},"end":{"line":3,"column":21}},"1":{"start":{"line":4,"column":6},"end":{"line":4,"column":35}},"2":{"start":{"line":5,"column":6},"end":{"line":5,"column":31}},"3":{"start":{"line":6,"column":6},"end":{"line":6,"column":54}},"4":{"start":{"line":10,"column":0},"end":{"line":10,"column":26}}},"fnMap":{"0":{"name":"(anonymous_0)","decl":{"start":{"line":2,"column":4},"end":{"line":2,"column":5}},"loc":{"start":{"line":2,"column":52},"end":{"line":7,"column":5}},"line":2}},"branchMap":{"0":{"loc":{"start":{"line":2,"column":37},"end":{"line":2,"column":50}},"type":"default-arg","locations":[{"start":{"line":2,"column":46},"end":{"line":2,"column":50}}],"line":2}},"s":{"0":82,"1":82,"2":82,"3":82,"4":13},"f":{"0":82},"b":{"0":[61]},"_coverageSchema":"1a1c01bbd47fc00a2c39e90264f33305004495a9","hash":"ae34b2960fefb1e8f4db8a73904711bc1db5b134"}
}
