{"/Users/juliangarcia/Developer/habits-app/backend/app.js": {"path":"/Users/juliangarcia/Developer/habits-app/backend/app.js","statementMap":{"0":{"start":{"line":1,"column":16},"end":{"line":1,"column":34}},"1":{"start":{"line":2,"column":12},"end":{"line":2,"column":21}},"2":{"start":{"line":3,"column":19},"end":{"line":3,"column":41}},"3":{"start":{"line":4,"column":13},"end":{"line":4,"column":28}},"4":{"start":{"line":5,"column":13},"end":{"line":5,"column":28}},"5":{"start":{"line":8,"column":19},"end":{"line":8,"column":50}},"6":{"start":{"line":9,"column":25},"end":{"line":9,"column":62}},"7":{"start":{"line":10,"column":23},"end":{"line":10,"column":90}},"8":{"start":{"line":11,"column":0},"end":{"line":19,"column":4}},"9":{"start":{"line":13,"column":8},"end":{"line":17,"column":9}},"10":{"start":{"line":14,"column":12},"end":{"line":14,"column":33}},"11":{"start":{"line":16,"column":12},"end":{"line":16,"column":55}},"12":{"start":{"line":20,"column":0},"end":{"line":20,"column":27}},"13":{"start":{"line":21,"column":0},"end":{"line":21,"column":29}},"14":{"start":{"line":22,"column":0},"end":{"line":22,"column":41}},"15":{"start":{"line":23,"column":0},"end":{"line":23,"column":55}},"16":{"start":{"line":25,"column":0},"end":{"line":27,"column":3}},"17":{"start":{"line":26,"column":4},"end":{"line":26,"column":59}},"18":{"start":{"line":28,"column":0},"end":{"line":28,"column":21}}},"fnMap":{"0":{"name":"(anonymous_0)","decl":{"start":{"line":12,"column":12},"end":{"line":12,"column":13}},"loc":{"start":{"line":12,"column":40},"end":{"line":18,"column":5}},"line":12},"1":{"name":"(anonymous_1)","decl":{"start":{"line":25,"column":13},"end":{"line":25,"column":14}},"loc":{"start":{"line":25,"column":27},"end":{"line":27,"column":1}},"line":25}},"branchMap":{"0":{"loc":{"start":{"line":13,"column":8},"end":{"line":17,"column":9}},"type":"if","locations":[{"start":{"line":13,"column":8},"end":{"line":17,"column":9}},{"start":{"line":15,"column":15},"end":{"line":17,"column":9}}],"line":13},"1":{"loc":{"start":{"line":13,"column":12},"end":{"line":13,"column":54}},"type":"binary-expr","locations":[{"start":{"line":13,"column":12},"end":{"line":13,"column":43}},{"start":{"line":13,"column":47},"end":{"line":13,"column":54}}],"line":13}},"s":{"0":2,"1":2,"2":2,"3":2,"4":2,"5":2,"6":2,"7":2,"8":2,"9":50,"10":50,"11":0,"12":2,"13":2,"14":2,"15":2,"16":2,"17":0,"18":2},"f":{"0":50,"1":0},"b":{"0":[50,0],"1":[50,50]},"_coverageSchema":"1a1c01bbd47fc00a2c39e90264f33305004495a9","hash":"71c41f1c2b9a47b7721fbc4bf036aaa0c40faffa"}
,"/Users/juliangarcia/Developer/habits-app/backend/controllers/tournamentController.js": {"path":"/Users/juliangarcia/Developer/habits-app/backend/controllers/tournamentController.js","statementMap":{"0":{"start":{"line":1,"column":26},"end":{"line":1,"column":66}},"1":{"start":{"line":2,"column":21},"end":{"line":2,"column":35}},"2":{"start":{"line":4,"column":25},"end":{"line":28,"column":1}},"3":{"start":{"line":5,"column":17},"end":{"line":5,"column":25}},"4":{"start":{"line":6,"column":4},"end":{"line":27,"column":5}},"5":{"start":{"line":7,"column":27},"end":{"line":7,"column":75}},"6":{"start":{"line":8,"column":8},"end":{"line":12,"column":11}},"7":{"start":{"line":14,"column":8},"end":{"line":20,"column":9}},"8":{"start":{"line":15,"column":12},"end":{"line":19,"column":15}},"9":{"start":{"line":22,"column":8},"end":{"line":26,"column":11}},"10":{"start":{"line":30,"column":22},"end":{"line":46,"column":1}},"11":{"start":{"line":32,"column":4},"end":{"line":45,"column":5}},"12":{"start":{"line":33,"column":27},"end":{"line":33,"column":79}},"13":{"start":{"line":34,"column":8},"end":{"line":38,"column":11}},"14":{"start":{"line":40,"column":23},"end":{"line":40,"column":42}},"15":{"start":{"line":41,"column":8},"end":{"line":44,"column":11}},"16":{"start":{"line":48,"column":25},"end":{"line":72,"column":1}},"17":{"start":{"line":49,"column":17},"end":{"line":49,"column":25}},"18":{"start":{"line":50,"column":4},"end":{"line":71,"column":5}},"19":{"start":{"line":51,"column":27},"end":{"line":51,"column":104}},"20":{"start":{"line":52,"column":8},"end":{"line":56,"column":11}},"21":{"start":{"line":58,"column":8},"end":{"line":58,"column":27}},"22":{"start":{"line":59,"column":8},"end":{"line":65,"column":9}},"23":{"start":{"line":60,"column":12},"end":{"line":64,"column":15}},"24":{"start":{"line":66,"column":23},"end":{"line":66,"column":42}},"25":{"start":{"line":67,"column":8},"end":{"line":70,"column":11}},"26":{"start":{"line":74,"column":0},"end":{"line":78,"column":1}}},"fnMap":{"0":{"name":"(anonymous_0)","decl":{"start":{"line":4,"column":25},"end":{"line":4,"column":26}},"loc":{"start":{"line":4,"column":44},"end":{"line":28,"column":1}},"line":4},"1":{"name":"(anonymous_1)","decl":{"start":{"line":30,"column":22},"end":{"line":30,"column":23}},"loc":{"start":{"line":30,"column":41},"end":{"line":46,"column":1}},"line":30},"2":{"name":"(anonymous_2)","decl":{"start":{"line":48,"column":25},"end":{"line":48,"column":26}},"loc":{"start":{"line":48,"column":44},"end":{"line":72,"column":1}},"line":48}},"branchMap":{"0":{"loc":{"start":{"line":14,"column":8},"end":{"line":20,"column":9}},"type":"if","locations":[{"start":{"line":14,"column":8},"end":{"line":20,"column":9}},{"start":{},"end":{}}],"line":14},"1":{"loc":{"start":{"line":40,"column":23},"end":{"line":40,"column":42}},"type":"binary-expr","locations":[{"start":{"line":40,"column":23},"end":{"line":40,"column":35}},{"start":{"line":40,"column":39},"end":{"line":40,"column":42}}],"line":40},"2":{"loc":{"start":{"line":59,"column":8},"end":{"line":65,"column":9}},"type":"if","locations":[{"start":{"line":59,"column":8},"end":{"line":65,"column":9}},{"start":{},"end":{}}],"line":59},"3":{"loc":{"start":{"line":66,"column":23},"end":{"line":66,"column":42}},"type":"binary-expr","locations":[{"start":{"line":66,"column":23},"end":{"line":66,"column":35}},{"start":{"line":66,"column":39},"end":{"line":66,"column":42}}],"line":66}},"s":{"0":2,"1":2,"2":2,"3":5,"4":5,"5":5,"6":3,"7":2,"8":1,"9":1,"10":2,"11":2,"12":2,"13":1,"14":1,"15":1,"16":2,"17":3,"18":3,"19":3,"20":1,"21":2,"22":2,"23":1,"24":1,"25":1,"26":2},"f":{"0":5,"1":2,"2":3},"b":{"0":[1,1],"1":[1,0],"2":[1,1],"3":[1,0]},"_coverageSchema":"1a1c01bbd47fc00a2c39e90264f33305004495a9","hash":"39a2c82fc7ebc1f9c885ec8d3ba10219d5a363bf"}
,"/Users/juliangarcia/Developer/habits-app/backend/controllers/userController.js": {"path":"/Users/juliangarcia/Developer/habits-app/backend/controllers/userController.js","statementMap":{"0":{"start":{"line":1,"column":20},"end":{"line":1,"column":54}},"1":{"start":{"line":3,"column":17},"end":{"line":27,"column":1}},"2":{"start":{"line":4,"column":17},"end":{"line":4,"column":25}},"3":{"start":{"line":5,"column":4},"end":{"line":26,"column":5}},"4":{"start":{"line":6,"column":21},"end":{"line":6,"column":55}},"5":{"start":{"line":7,"column":8},"end":{"line":11,"column":11}},"6":{"start":{"line":14,"column":8},"end":{"line":20,"column":9}},"7":{"start":{"line":15,"column":12},"end":{"line":19,"column":15}},"8":{"start":{"line":22,"column":8},"end":{"line":25,"column":11}},"9":{"start":{"line":29,"column":14},"end":{"line":53,"column":1}},"10":{"start":{"line":30,"column":19},"end":{"line":30,"column":27}},"11":{"start":{"line":31,"column":4},"end":{"line":52,"column":5}},"12":{"start":{"line":32,"column":32},"end":{"line":32,"column":63}},"13":{"start":{"line":33,"column":8},"end":{"line":38,"column":11}},"14":{"start":{"line":40,"column":8},"end":{"line":46,"column":9}},"15":{"start":{"line":41,"column":12},"end":{"line":45,"column":15}},"16":{"start":{"line":48,"column":8},"end":{"line":51,"column":11}},"17":{"start":{"line":55,"column":20},"end":{"line":68,"column":1}},"18":{"start":{"line":56,"column":4},"end":{"line":67,"column":5}},"19":{"start":{"line":57,"column":22},"end":{"line":57,"column":53}},"20":{"start":{"line":58,"column":8},"end":{"line":61,"column":11}},"21":{"start":{"line":63,"column":8},"end":{"line":66,"column":11}},"22":{"start":{"line":70,"column":16},"end":{"line":83,"column":1}},"23":{"start":{"line":71,"column":4},"end":{"line":82,"column":5}},"24":{"start":{"line":72,"column":21},"end":{"line":72,"column":60}},"25":{"start":{"line":73,"column":8},"end":{"line":76,"column":11}},"26":{"start":{"line":78,"column":8},"end":{"line":81,"column":11}},"27":{"start":{"line":86,"column":20},"end":{"line":99,"column":1}},"28":{"start":{"line":87,"column":4},"end":{"line":98,"column":5}},"29":{"start":{"line":88,"column":21},"end":{"line":88,"column":65}},"30":{"start":{"line":89,"column":8},"end":{"line":92,"column":11}},"31":{"start":{"line":94,"column":8},"end":{"line":97,"column":11}},"32":{"start":{"line":101,"column":17},"end":{"line":115,"column":1}},"33":{"start":{"line":102,"column":2},"end":{"line":114,"column":3}},"34":{"start":{"line":103,"column":17},"end":{"line":103,"column":67}},"35":{"start":{"line":104,"column":4},"end":{"line":108,"column":7}},"36":{"start":{"line":110,"column":4},"end":{"line":113,"column":7}},"37":{"start":{"line":117,"column":19},"end":{"line":130,"column":1}},"38":{"start":{"line":118,"column":4},"end":{"line":129,"column":5}},"39":{"start":{"line":119,"column":8},"end":{"line":119,"column":51}},"40":{"start":{"line":120,"column":8},"end":{"line":123,"column":11}},"41":{"start":{"line":125,"column":8},"end":{"line":128,"column":11}},"42":{"start":{"line":134,"column":0},"end":{"line":142,"column":2}}},"fnMap":{"0":{"name":"(anonymous_0)","decl":{"start":{"line":3,"column":17},"end":{"line":3,"column":18}},"loc":{"start":{"line":3,"column":37},"end":{"line":27,"column":1}},"line":3},"1":{"name":"(anonymous_1)","decl":{"start":{"line":29,"column":14},"end":{"line":29,"column":15}},"loc":{"start":{"line":29,"column":34},"end":{"line":53,"column":1}},"line":29},"2":{"name":"(anonymous_2)","decl":{"start":{"line":55,"column":20},"end":{"line":55,"column":21}},"loc":{"start":{"line":55,"column":40},"end":{"line":68,"column":1}},"line":55},"3":{"name":"(anonymous_3)","decl":{"start":{"line":70,"column":16},"end":{"line":70,"column":17}},"loc":{"start":{"line":70,"column":36},"end":{"line":83,"column":1}},"line":70},"4":{"name":"(anonymous_4)","decl":{"start":{"line":86,"column":20},"end":{"line":86,"column":21}},"loc":{"start":{"line":86,"column":40},"end":{"line":99,"column":1}},"line":86},"5":{"name":"(anonymous_5)","decl":{"start":{"line":101,"column":17},"end":{"line":101,"column":18}},"loc":{"start":{"line":101,"column":37},"end":{"line":115,"column":1}},"line":101},"6":{"name":"(anonymous_6)","decl":{"start":{"line":117,"column":19},"end":{"line":117,"column":20}},"loc":{"start":{"line":117,"column":39},"end":{"line":130,"column":1}},"line":117}},"branchMap":{"0":{"loc":{"start":{"line":14,"column":8},"end":{"line":20,"column":9}},"type":"if","locations":[{"start":{"line":14,"column":8},"end":{"line":20,"column":9}},{"start":{},"end":{}}],"line":14},"1":{"loc":{"start":{"line":40,"column":8},"end":{"line":46,"column":9}},"type":"if","locations":[{"start":{"line":40,"column":8},"end":{"line":46,"column":9}},{"start":{},"end":{}}],"line":40}},"s":{"0":2,"1":2,"2":19,"3":19,"4":19,"5":15,"6":4,"7":2,"8":2,"9":2,"10":15,"11":15,"12":15,"13":12,"14":3,"15":2,"16":1,"17":2,"18":1,"19":1,"20":1,"21":0,"22":2,"23":1,"24":1,"25":1,"26":0,"27":2,"28":1,"29":1,"30":1,"31":0,"32":2,"33":1,"34":1,"35":1,"36":0,"37":2,"38":1,"39":1,"40":1,"41":0,"42":2},"f":{"0":19,"1":15,"2":1,"3":1,"4":1,"5":1,"6":1},"b":{"0":[2,2],"1":[2,1]},"_coverageSchema":"1a1c01bbd47fc00a2c39e90264f33305004495a9","hash":"b3ef1836325d4fb6e6f0e32570eaca7abc053041"}
,"/Users/juliangarcia/Developer/habits-app/backend/helpers/jwt.js": {"path":"/Users/juliangarcia/Developer/habits-app/backend/helpers/jwt.js","statementMap":{"0":{"start":{"line":1,"column":12},"end":{"line":1,"column":33}},"1":{"start":{"line":2,"column":15},"end":{"line":2,"column":32}},"2":{"start":{"line":5,"column":15},"end":{"line":5,"column":25}},"3":{"start":{"line":7,"column":20},"end":{"line":18,"column":1}},"4":{"start":{"line":8,"column":20},"end":{"line":15,"column":5}},"5":{"start":{"line":17,"column":4},"end":{"line":17,"column":39}},"6":{"start":{"line":20,"column":0},"end":{"line":20,"column":39}}},"fnMap":{"0":{"name":"(anonymous_0)","decl":{"start":{"line":7,"column":20},"end":{"line":7,"column":21}},"loc":{"start":{"line":7,"column":30},"end":{"line":18,"column":1}},"line":7}},"branchMap":{},"s":{"0":3,"1":3,"2":3,"3":3,"4":13,"5":13,"6":3},"f":{"0":13},"b":{},"_coverageSchema":"1a1c01bbd47fc00a2c39e90264f33305004495a9","hash":"9ce59530757a3a7a9f83e97542c6c318e7521c37"}
,"/Users/juliangarcia/Developer/habits-app/backend/helpers/validationSchemas.js": {"path":"/Users/juliangarcia/Developer/habits-app/backend/helpers/validationSchemas.js","statementMap":{"0":{"start":{"line":1,"column":14},"end":{"line":1,"column":28}},"1":{"start":{"line":2,"column":17},"end":{"line":2,"column":36}},"2":{"start":{"line":4,"column":23},"end":{"line":8,"column":2}},"3":{"start":{"line":10,"column":20},"end":{"line":13,"column":2}},"4":{"start":{"line":15,"column":23},"end":{"line":20,"column":2}},"5":{"start":{"line":16,"column":31},"end":{"line":16,"column":67}},"6":{"start":{"line":18,"column":26},"end":{"line":18,"column":58}},"7":{"start":{"line":22,"column":23},"end":{"line":24,"column":2}},"8":{"start":{"line":26,"column":31},"end":{"line":33,"column":2}},"9":{"start":{"line":35,"column":31},"end":{"line":40,"column":2}},"10":{"start":{"line":42,"column":0},"end":{"line":42,"column":113}}},"fnMap":{"0":{"name":"(anonymous_0)","decl":{"start":{"line":16,"column":22},"end":{"line":16,"column":23}},"loc":{"start":{"line":16,"column":31},"end":{"line":16,"column":67}},"line":16},"1":{"name":"(anonymous_1)","decl":{"start":{"line":18,"column":17},"end":{"line":18,"column":18}},"loc":{"start":{"line":18,"column":26},"end":{"line":18,"column":58}},"line":18}},"branchMap":{},"s":{"0":4,"1":4,"2":4,"3":4,"4":4,"5":12,"6":9,"7":4,"8":4,"9":4,"10":4},"f":{"0":12,"1":9},"b":{},"_coverageSchema":"1a1c01bbd47fc00a2c39e90264f33305004495a9","hash":"06e0ca4892d976d07db9ac806970920e628c72d1"}
,"/Users/juliangarcia/Developer/habits-app/backend/middlewares/auth.js": {"path":"/Users/juliangarcia/Developer/habits-app/backend/middlewares/auth.js","statementMap":{"0":{"start":{"line":1,"column":12},"end":{"line":1,"column":33}},"1":{"start":{"line":2,"column":15},"end":{"line":2,"column":32}},"2":{"start":{"line":5,"column":17},"end":{"line":5,"column":42}},"3":{"start":{"line":8,"column":0},"end":{"line":44,"column":2}},"4":{"start":{"line":10,"column":4},"end":{"line":15,"column":5}},"5":{"start":{"line":11,"column":8},"end":{"line":14,"column":11}},"6":{"start":{"line":18,"column":16},"end":{"line":18,"column":63}},"7":{"start":{"line":20,"column":4},"end":{"line":40,"column":5}},"8":{"start":{"line":22,"column":22},"end":{"line":22,"column":47}},"9":{"start":{"line":23,"column":22},"end":{"line":23,"column":36}},"10":{"start":{"line":24,"column":24},"end":{"line":24,"column":43}},"11":{"start":{"line":25,"column":8},"end":{"line":30,"column":9}},"12":{"start":{"line":26,"column":12},"end":{"line":29,"column":15}},"13":{"start":{"line":33,"column":8},"end":{"line":33,"column":27}},"14":{"start":{"line":36,"column":8},"end":{"line":39,"column":11}},"15":{"start":{"line":43,"column":4},"end":{"line":43,"column":11}}},"fnMap":{"0":{"name":"(anonymous_0)","decl":{"start":{"line":8,"column":15},"end":{"line":8,"column":16}},"loc":{"start":{"line":8,"column":35},"end":{"line":44,"column":1}},"line":8}},"branchMap":{"0":{"loc":{"start":{"line":10,"column":4},"end":{"line":15,"column":5}},"type":"if","locations":[{"start":{"line":10,"column":4},"end":{"line":15,"column":5}},{"start":{},"end":{}}],"line":10},"1":{"loc":{"start":{"line":25,"column":8},"end":{"line":30,"column":9}},"type":"if","locations":[{"start":{"line":25,"column":8},"end":{"line":30,"column":9}},{"start":{},"end":{}}],"line":25}},"s":{"0":2,"1":2,"2":2,"3":2,"4":15,"5":0,"6":15,"7":15,"8":15,"9":14,"10":14,"11":14,"12":0,"13":14,"14":1,"15":14},"f":{"0":15},"b":{"0":[0,15],"1":[0,14]},"_coverageSchema":"1a1c01bbd47fc00a2c39e90264f33305004495a9","hash":"9a1a1b792c30aac7fc1e25c17fd49540fd93f745"}
,"/Users/juliangarcia/Developer/habits-app/backend/models/Competition.js": {"path":"/Users/juliangarcia/Developer/habits-app/backend/models/Competition.js","statementMap":{"0":{"start":{"line":1,"column":17},"end":{"line":1,"column":36}},"1":{"start":{"line":2,"column":19},"end":{"line":2,"column":27}},"2":{"start":{"line":4,"column":26},"end":{"line":6,"column":24}},"3":{"start":{"line":8,"column":0},"end":{"line":8,"column":82}}},"fnMap":{},"branchMap":{},"s":{"0":3,"1":3,"2":3,"3":3},"f":{},"b":{},"_coverageSchema":"1a1c01bbd47fc00a2c39e90264f33305004495a9","hash":"c1a92fad020a2c124dac915f9f535d3e792ebbda"}
,"/Users/juliangarcia/Developer/habits-app/backend/models/Tournament.js": {"path":"/Users/juliangarcia/Developer/habits-app/backend/models/Tournament.js","statementMap":{"0":{"start":{"line":1,"column":17},"end":{"line":1,"column":36}},"1":{"start":{"line":2,"column":19},"end":{"line":2,"column":27}},"2":{"start":{"line":4,"column":25},"end":{"line":35,"column":2}},"3":{"start":{"line":39,"column":0},"end":{"line":43,"column":1}},"4":{"start":{"line":40,"column":4},"end":{"line":40,"column":46}},"5":{"start":{"line":42,"column":4},"end":{"line":42,"column":79}},"6":{"start":{"line":45,"column":0},"end":{"line":45,"column":28}}},"fnMap":{},"branchMap":{},"s":{"0":3,"1":3,"2":3,"3":3,"4":3,"5":3,"6":3},"f":{},"b":{},"_coverageSchema":"1a1c01bbd47fc00a2c39e90264f33305004495a9","hash":"69355c3c5589c28b6bdf524553ee8bb58dedf59a"}
,"/Users/juliangarcia/Developer/habits-app/backend/models/User.js": {"path":"/Users/juliangarcia/Developer/habits-app/backend/models/User.js","statementMap":{"0":{"start":{"line":1,"column":17},"end":{"line":1,"column":36}},"1":{"start":{"line":2,"column":19},"end":{"line":2,"column":27}},"2":{"start":{"line":4,"column":19},"end":{"line":37,"column":2}},"3":{"start":{"line":10,"column":16},"end":{"line":10,"column":55}},"4":{"start":{"line":12,"column":30},"end":{"line":12,"column":82}},"5":{"start":{"line":24,"column":16},"end":{"line":24,"column":60}},"6":{"start":{"line":26,"column":30},"end":{"line":26,"column":69}},"7":{"start":{"line":41,"column":0},"end":{"line":45,"column":1}},"8":{"start":{"line":42,"column":4},"end":{"line":42,"column":34}},"9":{"start":{"line":44,"column":4},"end":{"line":44,"column":55}},"10":{"start":{"line":47,"column":0},"end":{"line":47,"column":22}}},"fnMap":{"0":{"name":"(anonymous_0)","decl":{"start":{"line":9,"column":23},"end":{"line":9,"column":24}},"loc":{"start":{"line":9,"column":35},"end":{"line":11,"column":13}},"line":9},"1":{"name":"(anonymous_1)","decl":{"start":{"line":12,"column":21},"end":{"line":12,"column":22}},"loc":{"start":{"line":12,"column":30},"end":{"line":12,"column":82}},"line":12},"2":{"name":"(anonymous_2)","decl":{"start":{"line":23,"column":23},"end":{"line":23,"column":24}},"loc":{"start":{"line":23,"column":35},"end":{"line":25,"column":13}},"line":23},"3":{"name":"(anonymous_3)","decl":{"start":{"line":26,"column":21},"end":{"line":26,"column":22}},"loc":{"start":{"line":26,"column":30},"end":{"line":26,"column":69}},"line":26}},"branchMap":{"0":{"loc":{"start":{"line":10,"column":23},"end":{"line":10,"column":54}},"type":"binary-expr","locations":[{"start":{"line":10,"column":23},"end":{"line":10,"column":36}},{"start":{"line":10,"column":40},"end":{"line":10,"column":54}}],"line":10}},"s":{"0":4,"1":4,"2":4,"3":32,"4":0,"5":32,"6":0,"7":4,"8":4,"9":4,"10":4},"f":{"0":32,"1":0,"2":32,"3":0},"b":{"0":[32,32]},"_coverageSchema":"1a1c01bbd47fc00a2c39e90264f33305004495a9","hash":"839ea83c8f8c8090fc7c4f57396bac294caf4a51"}
,"/Users/juliangarcia/Developer/habits-app/backend/routes/tournament.routes.js": {"path":"/Users/juliangarcia/Developer/habits-app/backend/routes/tournament.routes.js","statementMap":{"0":{"start":{"line":1,"column":16},"end":{"line":1,"column":34}},"1":{"start":{"line":2,"column":15},"end":{"line":2,"column":31}},"2":{"start":{"line":3,"column":29},"end":{"line":3,"column":75}},"3":{"start":{"line":4,"column":17},"end":{"line":4,"column":47}},"4":{"start":{"line":7,"column":0},"end":{"line":7,"column":62}},"5":{"start":{"line":8,"column":0},"end":{"line":8,"column":61}},"6":{"start":{"line":9,"column":0},"end":{"line":9,"column":64}},"7":{"start":{"line":11,"column":0},"end":{"line":11,"column":24}}},"fnMap":{},"branchMap":{},"s":{"0":2,"1":2,"2":2,"3":2,"4":2,"5":2,"6":2,"7":2},"f":{},"b":{},"_coverageSchema":"1a1c01bbd47fc00a2c39e90264f33305004495a9","hash":"1695745bd0b8dfe792e7e72c58d860e28c0a239e"}
,"/Users/juliangarcia/Developer/habits-app/backend/routes/user.routes.js": {"path":"/Users/juliangarcia/Developer/habits-app/backend/routes/user.routes.js","statementMap":{"0":{"start":{"line":2,"column":16},"end":{"line":2,"column":34}},"1":{"start":{"line":4,"column":15},"end":{"line":4,"column":31}},"2":{"start":{"line":6,"column":23},"end":{"line":6,"column":63}},"3":{"start":{"line":7,"column":15},"end":{"line":7,"column":45}},"4":{"start":{"line":9,"column":0},"end":{"line":9,"column":49}},"5":{"start":{"line":10,"column":0},"end":{"line":10,"column":44}},"6":{"start":{"line":11,"column":0},"end":{"line":11,"column":53}},"7":{"start":{"line":12,"column":0},"end":{"line":12,"column":52}},"8":{"start":{"line":13,"column":0},"end":{"line":13,"column":51}},"9":{"start":{"line":14,"column":0},"end":{"line":14,"column":50}},"10":{"start":{"line":15,"column":0},"end":{"line":15,"column":55}},"11":{"start":{"line":17,"column":0},"end":{"line":17,"column":24}}},"fnMap":{},"branchMap":{},"s":{"0":2,"1":2,"2":2,"3":2,"4":2,"5":2,"6":2,"7":2,"8":2,"9":2,"10":2,"11":2},"f":{},"b":{},"_coverageSchema":"1a1c01bbd47fc00a2c39e90264f33305004495a9","hash":"d1d573b6044353d80810cbf7f9468cb61ca6fad5"}
,"/Users/juliangarcia/Developer/habits-app/backend/services/tournamentService.js": {"path":"/Users/juliangarcia/Developer/habits-app/backend/services/tournamentService.js","statementMap":{"0":{"start":{"line":1,"column":19},"end":{"line":1,"column":50}},"1":{"start":{"line":2,"column":20},"end":{"line":2,"column":52}},"2":{"start":{"line":3,"column":13},"end":{"line":3,"column":38}},"3":{"start":{"line":4,"column":59},"end":{"line":4,"column":98}},"4":{"start":{"line":6,"column":25},"end":{"line":30,"column":1}},"5":{"start":{"line":7,"column":4},"end":{"line":29,"column":5}},"6":{"start":{"line":8,"column":32},"end":{"line":8,"column":68}},"7":{"start":{"line":9,"column":33},"end":{"line":9,"column":89}},"8":{"start":{"line":10,"column":8},"end":{"line":12,"column":9}},"9":{"start":{"line":11,"column":12},"end":{"line":11,"column":57}},"10":{"start":{"line":14,"column":34},"end":{"line":14,"column":89}},"11":{"start":{"line":15,"column":8},"end":{"line":17,"column":9}},"12":{"start":{"line":16,"column":12},"end":{"line":16,"column":53}},"13":{"start":{"line":19,"column":30},"end":{"line":19,"column":74}},"14":{"start":{"line":20,"column":8},"end":{"line":22,"column":9}},"15":{"start":{"line":21,"column":12},"end":{"line":21,"column":49}},"16":{"start":{"line":24,"column":27},"end":{"line":24,"column":63}},"17":{"start":{"line":25,"column":8},"end":{"line":25,"column":32}},"18":{"start":{"line":26,"column":8},"end":{"line":26,"column":26}},"19":{"start":{"line":28,"column":8},"end":{"line":28,"column":20}},"20":{"start":{"line":32,"column":22},"end":{"line":41,"column":1}},"21":{"start":{"line":33,"column":27},"end":{"line":33,"column":100}},"22":{"start":{"line":34,"column":8},"end":{"line":38,"column":11}},"23":{"start":{"line":35,"column":24},"end":{"line":35,"column":57}},"24":{"start":{"line":36,"column":12},"end":{"line":36,"column":29}},"25":{"start":{"line":37,"column":12},"end":{"line":37,"column":22}},"26":{"start":{"line":39,"column":8},"end":{"line":39,"column":26}},"27":{"start":{"line":43,"column":25},"end":{"line":57,"column":1}},"28":{"start":{"line":44,"column":28},"end":{"line":44,"column":64}},"29":{"start":{"line":45,"column":4},"end":{"line":45,"column":33}},"30":{"start":{"line":46,"column":23},"end":{"line":46,"column":52}},"31":{"start":{"line":47,"column":4},"end":{"line":51,"column":5}},"32":{"start":{"line":48,"column":20},"end":{"line":48,"column":53}},"33":{"start":{"line":49,"column":8},"end":{"line":49,"column":25}},"34":{"start":{"line":50,"column":8},"end":{"line":50,"column":18}},"35":{"start":{"line":52,"column":4},"end":{"line":54,"column":5}},"36":{"start":{"line":53,"column":8},"end":{"line":53,"column":69}},"37":{"start":{"line":55,"column":30},"end":{"line":55,"column":100}},"38":{"start":{"line":56,"column":4},"end":{"line":56,"column":29}},"39":{"start":{"line":59,"column":0},"end":{"line":63,"column":1}}},"fnMap":{"0":{"name":"(anonymous_0)","decl":{"start":{"line":6,"column":25},"end":{"line":6,"column":26}},"loc":{"start":{"line":6,"column":42},"end":{"line":30,"column":1}},"line":6},"1":{"name":"(anonymous_1)","decl":{"start":{"line":32,"column":22},"end":{"line":32,"column":23}},"loc":{"start":{"line":32,"column":35},"end":{"line":41,"column":1}},"line":32},"2":{"name":"(anonymous_2)","decl":{"start":{"line":43,"column":25},"end":{"line":43,"column":26}},"loc":{"start":{"line":43,"column":57},"end":{"line":57,"column":1}},"line":43}},"branchMap":{"0":{"loc":{"start":{"line":10,"column":8},"end":{"line":12,"column":9}},"type":"if","locations":[{"start":{"line":10,"column":8},"end":{"line":12,"column":9}},{"start":{},"end":{}}],"line":10},"1":{"loc":{"start":{"line":15,"column":8},"end":{"line":17,"column":9}},"type":"if","locations":[{"start":{"line":15,"column":8},"end":{"line":17,"column":9}},{"start":{},"end":{}}],"line":15},"2":{"loc":{"start":{"line":20,"column":8},"end":{"line":22,"column":9}},"type":"if","locations":[{"start":{"line":20,"column":8},"end":{"line":22,"column":9}},{"start":{},"end":{}}],"line":20},"3":{"loc":{"start":{"line":34,"column":8},"end":{"line":38,"column":11}},"type":"if","locations":[{"start":{"line":34,"column":8},"end":{"line":38,"column":11}},{"start":{},"end":{}}],"line":34},"4":{"loc":{"start":{"line":47,"column":4},"end":{"line":51,"column":5}},"type":"if","locations":[{"start":{"line":47,"column":4},"end":{"line":51,"column":5}},{"start":{},"end":{}}],"line":47},"5":{"loc":{"start":{"line":52,"column":4},"end":{"line":54,"column":5}},"type":"if","locations":[{"start":{"line":52,"column":4},"end":{"line":54,"column":5}},{"start":{},"end":{}}],"line":52}},"s":{"0":3,"1":3,"2":3,"3":3,"4":3,"5":10,"6":10,"7":8,"8":8,"9":0,"10":8,"11":8,"12":1,"13":7,"14":7,"15":0,"16":7,"17":7,"18":7,"19":3,"20":3,"21":4,"22":3,"23":1,"24":1,"25":1,"26":2,"27":3,"28":6,"29":5,"30":5,"31":4,"32":1,"33":1,"34":1,"35":3,"36":1,"37":2,"38":2,"39":3},"f":{"0":10,"1":4,"2":6},"b":{"0":[0,8],"1":[1,7],"2":[0,7],"3":[1,2],"4":[1,3],"5":[1,2]},"_coverageSchema":"1a1c01bbd47fc00a2c39e90264f33305004495a9","hash":"57d560f46ee993d90024d9b506d4e0fa2d9f4eb4"}
,"/Users/juliangarcia/Developer/habits-app/backend/services/userService.js": {"path":"/Users/juliangarcia/Developer/habits-app/backend/services/userService.js","statementMap":{"0":{"start":{"line":1,"column":13},"end":{"line":1,"column":38}},"1":{"start":{"line":2,"column":15},"end":{"line":2,"column":32}},"2":{"start":{"line":3,"column":12},"end":{"line":3,"column":37}},"3":{"start":{"line":4,"column":56},"end":{"line":4,"column":95}},"4":{"start":{"line":6,"column":17},"end":{"line":22,"column":1}},"5":{"start":{"line":7,"column":28},"end":{"line":7,"column":56}},"6":{"start":{"line":8,"column":23},"end":{"line":8,"column":75}},"7":{"start":{"line":9,"column":4},"end":{"line":11,"column":5}},"8":{"start":{"line":10,"column":8},"end":{"line":10,"column":48}},"9":{"start":{"line":12,"column":33},"end":{"line":12,"column":91}},"10":{"start":{"line":13,"column":4},"end":{"line":15,"column":5}},"11":{"start":{"line":14,"column":8},"end":{"line":14,"column":52}},"12":{"start":{"line":16,"column":27},"end":{"line":16,"column":74}},"13":{"start":{"line":17,"column":17},"end":{"line":17,"column":73}},"14":{"start":{"line":18,"column":4},"end":{"line":18,"column":22}},"15":{"start":{"line":19,"column":24},"end":{"line":19,"column":39}},"16":{"start":{"line":20,"column":4},"end":{"line":20,"column":32}},"17":{"start":{"line":21,"column":4},"end":{"line":21,"column":23}},"18":{"start":{"line":24,"column":14},"end":{"line":38,"column":1}},"19":{"start":{"line":25,"column":28},"end":{"line":25,"column":53}},"20":{"start":{"line":26,"column":17},"end":{"line":26,"column":102}},"21":{"start":{"line":27,"column":4},"end":{"line":29,"column":5}},"22":{"start":{"line":28,"column":8},"end":{"line":28,"column":42}},"23":{"start":{"line":30,"column":28},"end":{"line":30,"column":89}},"24":{"start":{"line":31,"column":4},"end":{"line":33,"column":5}},"25":{"start":{"line":32,"column":8},"end":{"line":32,"column":45}},"26":{"start":{"line":34,"column":18},"end":{"line":34,"column":39}},"27":{"start":{"line":35,"column":22},"end":{"line":35,"column":37}},"28":{"start":{"line":36,"column":4},"end":{"line":36,"column":30}},"29":{"start":{"line":37,"column":4},"end":{"line":37,"column":38}},"30":{"start":{"line":40,"column":20},"end":{"line":52,"column":1}},"31":{"start":{"line":41,"column":18},"end":{"line":41,"column":68}},"32":{"start":{"line":42,"column":4},"end":{"line":44,"column":5}},"33":{"start":{"line":43,"column":8},"end":{"line":43,"column":42}},"34":{"start":{"line":45,"column":23},"end":{"line":50,"column":6}},"35":{"start":{"line":46,"column":26},"end":{"line":46,"column":41}},"36":{"start":{"line":47,"column":8},"end":{"line":47,"column":34}},"37":{"start":{"line":48,"column":8},"end":{"line":48,"column":31}},"38":{"start":{"line":49,"column":8},"end":{"line":49,"column":25}},"39":{"start":{"line":51,"column":4},"end":{"line":51,"column":22}},"40":{"start":{"line":54,"column":16},"end":{"line":62,"column":1}},"41":{"start":{"line":55,"column":17},"end":{"line":55,"column":73}},"42":{"start":{"line":56,"column":4},"end":{"line":58,"column":5}},"43":{"start":{"line":57,"column":8},"end":{"line":57,"column":42}},"44":{"start":{"line":59,"column":22},"end":{"line":59,"column":37}},"45":{"start":{"line":60,"column":4},"end":{"line":60,"column":30}},"46":{"start":{"line":61,"column":4},"end":{"line":61,"column":21}},"47":{"start":{"line":65,"column":20},"end":{"line":75,"column":1}},"48":{"start":{"line":66,"column":17},"end":{"line":66,"column":73}},"49":{"start":{"line":67,"column":4},"end":{"line":69,"column":5}},"50":{"start":{"line":68,"column":8},"end":{"line":68,"column":42}},"51":{"start":{"line":70,"column":22},"end":{"line":70,"column":37}},"52":{"start":{"line":71,"column":4},"end":{"line":71,"column":30}},"53":{"start":{"line":72,"column":4},"end":{"line":72,"column":26}},"54":{"start":{"line":73,"column":4},"end":{"line":73,"column":27}},"55":{"start":{"line":74,"column":4},"end":{"line":74,"column":21}},"56":{"start":{"line":77,"column":17},"end":{"line":86,"column":1}},"57":{"start":{"line":78,"column":28},"end":{"line":78,"column":56}},"58":{"start":{"line":79,"column":17},"end":{"line":79,"column":88}},"59":{"start":{"line":80,"column":4},"end":{"line":82,"column":5}},"60":{"start":{"line":81,"column":8},"end":{"line":81,"column":42}},"61":{"start":{"line":83,"column":22},"end":{"line":83,"column":37}},"62":{"start":{"line":84,"column":4},"end":{"line":84,"column":30}},"63":{"start":{"line":85,"column":4},"end":{"line":85,"column":21}},"64":{"start":{"line":89,"column":20},"end":{"line":95,"column":2}},"65":{"start":{"line":90,"column":24},"end":{"line":90,"column":55}},"66":{"start":{"line":91,"column":4},"end":{"line":93,"column":5}},"67":{"start":{"line":92,"column":8},"end":{"line":92,"column":42}},"68":{"start":{"line":94,"column":4},"end":{"line":94,"column":16}},"69":{"start":{"line":97,"column":0},"end":{"line":105,"column":1}}},"fnMap":{"0":{"name":"(anonymous_0)","decl":{"start":{"line":6,"column":17},"end":{"line":6,"column":18}},"loc":{"start":{"line":6,"column":35},"end":{"line":22,"column":1}},"line":6},"1":{"name":"(anonymous_1)","decl":{"start":{"line":24,"column":14},"end":{"line":24,"column":15}},"loc":{"start":{"line":24,"column":32},"end":{"line":38,"column":1}},"line":24},"2":{"name":"(anonymous_2)","decl":{"start":{"line":40,"column":20},"end":{"line":40,"column":21}},"loc":{"start":{"line":40,"column":32},"end":{"line":52,"column":1}},"line":40},"3":{"name":"(anonymous_3)","decl":{"start":{"line":45,"column":33},"end":{"line":45,"column":34}},"loc":{"start":{"line":45,"column":41},"end":{"line":50,"column":5}},"line":45},"4":{"name":"(anonymous_4)","decl":{"start":{"line":54,"column":16},"end":{"line":54,"column":17}},"loc":{"start":{"line":54,"column":30},"end":{"line":62,"column":1}},"line":54},"5":{"name":"(anonymous_5)","decl":{"start":{"line":65,"column":20},"end":{"line":65,"column":21}},"loc":{"start":{"line":65,"column":34},"end":{"line":75,"column":1}},"line":65},"6":{"name":"(anonymous_6)","decl":{"start":{"line":77,"column":17},"end":{"line":77,"column":18}},"loc":{"start":{"line":77,"column":39},"end":{"line":86,"column":1}},"line":77},"7":{"name":"(anonymous_7)","decl":{"start":{"line":89,"column":20},"end":{"line":89,"column":21}},"loc":{"start":{"line":89,"column":34},"end":{"line":95,"column":2}},"line":89}},"branchMap":{"0":{"loc":{"start":{"line":9,"column":4},"end":{"line":11,"column":5}},"type":"if","locations":[{"start":{"line":9,"column":4},"end":{"line":11,"column":5}},{"start":{},"end":{}}],"line":9},"1":{"loc":{"start":{"line":13,"column":4},"end":{"line":15,"column":5}},"type":"if","locations":[{"start":{"line":13,"column":4},"end":{"line":15,"column":5}},{"start":{},"end":{}}],"line":13},"2":{"loc":{"start":{"line":27,"column":4},"end":{"line":29,"column":5}},"type":"if","locations":[{"start":{"line":27,"column":4},"end":{"line":29,"column":5}},{"start":{},"end":{}}],"line":27},"3":{"loc":{"start":{"line":31,"column":4},"end":{"line":33,"column":5}},"type":"if","locations":[{"start":{"line":31,"column":4},"end":{"line":33,"column":5}},{"start":{},"end":{}}],"line":31},"4":{"loc":{"start":{"line":42,"column":4},"end":{"line":44,"column":5}},"type":"if","locations":[{"start":{"line":42,"column":4},"end":{"line":44,"column":5}},{"start":{},"end":{}}],"line":42},"5":{"loc":{"start":{"line":56,"column":4},"end":{"line":58,"column":5}},"type":"if","locations":[{"start":{"line":56,"column":4},"end":{"line":58,"column":5}},{"start":{},"end":{}}],"line":56},"6":{"loc":{"start":{"line":67,"column":4},"end":{"line":69,"column":5}},"type":"if","locations":[{"start":{"line":67,"column":4},"end":{"line":69,"column":5}},{"start":{},"end":{}}],"line":67},"7":{"loc":{"start":{"line":80,"column":4},"end":{"line":82,"column":5}},"type":"if","locations":[{"start":{"line":80,"column":4},"end":{"line":82,"column":5}},{"start":{},"end":{}}],"line":80},"8":{"loc":{"start":{"line":91,"column":4},"end":{"line":93,"column":5}},"type":"if","locations":[{"start":{"line":91,"column":4},"end":{"line":93,"column":5}},{"start":{},"end":{}}],"line":91}},"s":{"0":3,"1":3,"2":3,"3":3,"4":3,"5":35,"6":28,"7":28,"8":2,"9":26,"10":26,"11":1,"12":25,"13":25,"14":25,"15":25,"16":25,"17":25,"18":3,"19":21,"20":16,"21":16,"22":2,"23":14,"24":14,"25":1,"26":13,"27":13,"28":13,"29":13,"30":3,"31":2,"32":2,"33":0,"34":2,"35":4,"36":4,"37":4,"38":4,"39":2,"40":3,"41":4,"42":3,"43":1,"44":2,"45":2,"46":2,"47":3,"48":5,"49":4,"50":2,"51":2,"52":2,"53":2,"54":2,"55":2,"56":3,"57":2,"58":2,"59":2,"60":0,"61":2,"62":2,"63":2,"64":3,"65":2,"66":2,"67":0,"68":2,"69":3},"f":{"0":35,"1":21,"2":2,"3":4,"4":4,"5":5,"6":2,"7":2},"b":{"0":[2,26],"1":[1,25],"2":[2,14],"3":[1,13],"4":[0,2],"5":[1,2],"6":[2,2],"7":[0,2],"8":[0,2]},"_coverageSchema":"1a1c01bbd47fc00a2c39e90264f33305004495a9","hash":"d70844d4e50c50e8cac2821e111b0fe14c1fbab0"}
}
