TN:
SF:app.js
FN:14,(anonymous_0)
FN:28,(anonymous_1)
FNF:2
FNH:1
FNDA:77,(anonymous_0)
FNDA:0,(anonymous_1)
DA:1,3
DA:2,3
DA:3,3
DA:4,3
DA:5,3
DA:6,3
DA:9,3
DA:10,3
DA:11,3
DA:12,3
DA:13,3
DA:15,77
DA:16,77
DA:18,0
DA:22,3
DA:23,3
DA:24,3
DA:25,3
DA:26,3
DA:28,3
DA:29,0
DA:31,3
LF:22
LH:20
BRDA:15,0,0,77
BRDA:15,0,1,0
BRDA:15,1,0,77
BRDA:15,1,1,77
BRF:4
BRH:3
end_of_record
TN:
SF:controllers/tournamentController.js
FN:3,(anonymous_0)
FN:13,(anonymous_1)
FN:22,(anonymous_2)
FN:31,(anonymous_3)
FN:45,(anonymous_4)
FNF:5
FNH:5
FNDA:8,(anonymous_0)
FNDA:2,(anonymous_1)
FNDA:2,(anonymous_2)
FNDA:3,(anonymous_3)
FNDA:2,(anonymous_4)
DA:1,3
DA:3,3
DA:4,8
DA:5,8
DA:6,6
DA:13,3
DA:14,2
DA:15,1
DA:22,3
DA:23,2
DA:24,1
DA:31,3
DA:32,3
DA:33,3
DA:38,1
DA:45,3
DA:46,2
DA:47,1
DA:50,3
LF:19
LH:19
BRF:0
BRH:0
end_of_record
TN:
SF:controllers/userController.js
FN:3,(anonymous_0)
FN:13,(anonymous_1)
FN:24,(anonymous_2)
FN:32,(anonymous_3)
FN:40,(anonymous_4)
FN:48,(anonymous_5)
FN:57,(anonymous_6)
FNF:7
FNH:7
FNDA:26,(anonymous_0)
FNDA:22,(anonymous_1)
FNDA:2,(anonymous_2)
FNDA:1,(anonymous_3)
FNDA:2,(anonymous_4)
FNDA:2,(anonymous_5)
FNDA:1,(anonymous_6)
DA:1,3
DA:3,3
DA:4,26
DA:5,26
DA:6,22
DA:13,3
DA:14,22
DA:15,22
DA:16,19
DA:24,3
DA:25,2
DA:26,1
DA:32,3
DA:33,1
DA:34,1
DA:40,3
DA:41,2
DA:42,1
DA:48,3
DA:49,2
DA:50,1
DA:57,3
DA:58,1
DA:59,1
DA:65,3
LF:25
LH:25
BRF:0
BRH:0
end_of_record
TN:
SF:helpers/jwt.js
FN:9,(anonymous_0)
FNF:1
FNH:1
FNDA:20,(anonymous_0)
DA:1,4
DA:2,4
DA:3,4
DA:4,4
DA:7,4
DA:9,4
DA:10,20
DA:19,20
DA:22,4
LF:9
LH:9
BRF:0
BRH:0
end_of_record
TN:
SF:helpers/validationSchemas.js
FN:16,(anonymous_0)
FN:18,(anonymous_1)
FNF:2
FNH:2
FNDA:19,(anonymous_0)
FNDA:16,(anonymous_1)
DA:1,5
DA:2,5
DA:4,5
DA:10,5
DA:15,5
DA:16,19
DA:18,16
DA:22,5
DA:26,5
DA:35,5
DA:42,5
LF:11
LH:11
BRF:0
BRH:0
end_of_record
TN:
SF:middlewares/auth.js
FN:8,(anonymous_0)
FNF:1
FNH:1
FNDA:27,(anonymous_0)
DA:1,3
DA:2,3
DA:5,3
DA:8,3
DA:10,27
DA:11,1
DA:18,26
DA:19,26
DA:20,5
DA:23,26
DA:25,26
DA:27,23
DA:31,3
DA:32,1
DA:38,2
DA:47,23
LF:16
LH:16
BRDA:10,0,0,1
BRDA:10,0,1,26
BRDA:19,1,0,5
BRDA:19,1,1,21
BRDA:31,2,0,1
BRDA:31,2,1,2
BRF:6
BRH:6
end_of_record
TN:
SF:middlewares/errorHandler.js
FN:1,(anonymous_0)
FNF:1
FNH:1
FNDA:17,(anonymous_0)
DA:1,3
DA:2,17
DA:3,17
DA:7,17
DA:9,17
DA:12,3
LF:6
LH:6
BRDA:2,0,0,17
BRDA:2,0,1,0
BRDA:4,1,0,17
BRDA:4,1,1,0
BRDA:5,2,0,17
BRDA:5,2,1,0
BRDA:7,3,0,6
BRDA:7,3,1,11
BRF:8
BRH:5
end_of_record
TN:
SF:models/Competition.js
FNF:0
FNH:0
DA:1,4
DA:2,4
DA:4,4
DA:10,4
LF:4
LH:4
BRF:0
BRH:0
end_of_record
TN:
SF:models/Tournament.js
FNF:0
FNH:0
DA:1,4
DA:2,4
DA:4,4
DA:39,4
DA:40,4
DA:42,4
DA:45,4
LF:7
LH:7
BRF:0
BRH:0
end_of_record
TN:
SF:models/User.js
FNF:0
FNH:0
DA:1,5
DA:2,5
DA:4,5
DA:29,5
DA:30,5
DA:32,5
DA:35,5
LF:7
LH:7
BRF:0
BRH:0
end_of_record
TN:
SF:routes/tournament.routes.js
FNF:0
FNH:0
DA:1,3
DA:2,3
DA:3,3
DA:4,3
DA:7,3
DA:8,3
DA:9,3
DA:10,3
DA:11,3
DA:13,3
LF:10
LH:10
BRF:0
BRH:0
end_of_record
TN:
SF:routes/user.routes.js
FNF:0
FNH:0
DA:2,3
DA:4,3
DA:6,3
DA:7,3
DA:9,3
DA:10,3
DA:11,3
DA:12,3
DA:13,3
DA:14,3
DA:15,3
DA:17,3
LF:12
LH:12
BRF:0
BRH:0
end_of_record
TN:
SF:services/tournamentService.js
FN:12,(anonymous_0)
FN:19,(anonymous_1)
FN:28,(anonymous_2)
FN:67,(anonymous_3)
FN:77,(anonymous_4)
FN:107,(anonymous_5)
FNF:6
FNH:6
FNDA:4,(anonymous_0)
FNDA:2,(anonymous_1)
FNDA:19,(anonymous_2)
FNDA:4,(anonymous_3)
FNDA:6,(anonymous_4)
FNDA:5,(anonymous_5)
DA:1,4
DA:2,4
DA:3,4
DA:4,4
DA:5,4
DA:10,4
DA:12,4
DA:13,4
DA:15,4
DA:16,2
DA:19,2
DA:20,2
DA:21,2
DA:22,2
DA:25,2
DA:28,4
DA:29,19
DA:30,19
DA:32,17
DA:35,17
DA:36,1
DA:39,16
DA:42,16
DA:43,1
DA:46,15
DA:47,15
DA:48,1
DA:51,14
DA:52,14
DA:53,14
DA:55,5
DA:56,2
DA:59,3
DA:60,3
DA:63,0
DA:67,4
DA:68,4
DA:71,3
DA:72,1
DA:74,2
DA:77,4
DA:78,6
DA:79,6
DA:80,5
DA:81,4
DA:82,1
DA:84,3
DA:85,1
DA:90,2
DA:95,2
DA:97,4
DA:98,1
DA:100,3
DA:101,2
DA:103,1
DA:107,4
DA:108,5
DA:109,5
DA:110,1
DA:112,4
DA:113,2
DA:115,2
DA:118,4
LF:63
LH:62
BRDA:15,0,0,2
BRDA:15,0,1,2
BRDA:15,1,0,4
BRDA:15,1,1,4
BRDA:35,2,0,1
BRDA:35,2,1,16
BRDA:42,3,0,1
BRDA:42,3,1,15
BRDA:47,4,0,1
BRDA:47,4,1,14
BRDA:55,5,0,2
BRDA:55,5,1,3
BRDA:59,6,0,3
BRDA:59,6,1,0
BRDA:71,7,0,1
BRDA:71,7,1,2
BRDA:81,8,0,1
BRDA:81,8,1,3
BRDA:84,9,0,1
BRDA:84,9,1,2
BRDA:97,10,0,1
BRDA:97,10,1,3
BRDA:100,11,0,2
BRDA:100,11,1,1
BRDA:109,12,0,1
BRDA:109,12,1,4
BRDA:112,13,0,2
BRDA:112,13,1,2
BRF:28
BRH:27
end_of_record
TN:
SF:services/userService.js
FN:11,(anonymous_0)
FN:41,(anonymous_1)
FN:72,(anonymous_2)
FN:77,(anonymous_3)
FN:86,(anonymous_4)
FN:96,(anonymous_5)
FN:115,(anonymous_6)
FN:138,(anonymous_7)
FNF:8
FNH:8
FNDA:42,(anonymous_0)
FNDA:28,(anonymous_1)
FNDA:4,(anonymous_2)
FNDA:4,(anonymous_3)
FNDA:4,(anonymous_4)
FNDA:6,(anonymous_5)
FNDA:4,(anonymous_6)
FNDA:3,(anonymous_7)
DA:1,4
DA:2,4
DA:3,4
DA:8,4
DA:9,4
DA:11,4
DA:12,42
DA:13,42
DA:14,35
DA:15,35
DA:16,2
DA:18,33
DA:21,33
DA:22,1
DA:24,32
DA:25,32
DA:26,32
DA:27,32
DA:28,32
DA:29,32
DA:31,10
DA:32,7
DA:34,3
DA:35,3
DA:37,0
DA:41,4
DA:42,28
DA:43,28
DA:44,23
DA:47,23
DA:48,2
DA:50,21
DA:54,21
DA:55,1
DA:57,20
DA:58,20
DA:59,20
DA:60,20
DA:62,8
DA:63,5
DA:65,3
DA:66,3
DA:68,0
DA:72,4
DA:73,4
DA:74,4
DA:75,2
DA:77,2
DA:78,4
DA:79,4
DA:80,4
DA:81,4
DA:83,2
DA:86,4
DA:87,4
DA:88,3
DA:89,1
DA:91,2
DA:92,2
DA:93,2
DA:96,4
DA:97,6
DA:98,6
DA:99,4
DA:100,2
DA:102,2
DA:103,2
DA:104,2
DA:105,2
DA:106,2
DA:108,4
DA:109,2
DA:111,2
DA:115,4
DA:116,4
DA:117,4
DA:118,3
DA:121,3
DA:122,1
DA:124,2
DA:125,2
DA:126,2
DA:128,2
DA:129,1
DA:131,1
DA:132,1
DA:134,0
DA:138,4
DA:139,3
DA:140,3
DA:141,1
DA:143,2
DA:146,4
LF:93
LH:90
BRDA:15,0,0,2
BRDA:15,0,1,33
BRDA:21,1,0,1
BRDA:21,1,1,32
BRDA:31,2,0,7
BRDA:31,2,1,3
BRDA:34,3,0,3
BRDA:34,3,1,0
BRDA:47,4,0,2
BRDA:47,4,1,21
BRDA:54,5,0,1
BRDA:54,5,1,20
BRDA:62,6,0,5
BRDA:62,6,1,3
BRDA:65,7,0,3
BRDA:65,7,1,0
BRDA:74,8,0,2
BRDA:74,8,1,2
BRDA:74,9,0,4
BRDA:74,9,1,4
BRDA:88,10,0,1
BRDA:88,10,1,2
BRDA:99,11,0,2
BRDA:99,11,1,2
BRDA:108,12,0,2
BRDA:108,12,1,2
BRDA:121,13,0,1
BRDA:121,13,1,2
BRDA:128,14,0,1
BRDA:128,14,1,1
BRDA:131,15,0,1
BRDA:131,15,1,0
BRDA:140,16,0,1
BRDA:140,16,1,2
BRF:34
BRH:31
end_of_record
TN:
SF:utils/AppError.js
FN:2,(anonymous_0)
FNF:1
FNH:1
FNDA:43,(anonymous_0)
DA:3,43
DA:4,43
DA:5,43
DA:6,43
DA:10,5
LF:5
LH:5
BRDA:2,0,0,28
BRF:1
BRH:1
end_of_record
