TN:
SF:app.js
FN:12,(anonymous_0)
FN:25,(anonymous_1)
FNF:2
FNH:1
FNDA:77,(anonymous_0)
FNDA:0,(anonymous_1)
DA:1,3
DA:2,3
DA:3,3
DA:4,3
DA:5,3
DA:8,3
DA:9,3
DA:10,3
DA:11,3
DA:13,77
DA:14,77
DA:16,0
DA:20,3
DA:21,3
DA:22,3
DA:23,3
DA:25,3
DA:26,0
DA:28,3
LF:19
LH:17
BRDA:13,0,0,77
BRDA:13,0,1,0
BRDA:13,1,0,77
BRDA:13,1,1,77
BRF:4
BRH:3
end_of_record
TN:
SF:controllers/tournamentController.js
FN:4,(anonymous_0)
FN:30,(anonymous_1)
FN:48,(anonymous_2)
FN:64,(anonymous_3)
FN:89,(anonymous_4)
FNF:5
FNH:5
FNDA:8,(anonymous_0)
FNDA:2,(anonymous_1)
FNDA:2,(anonymous_2)
FNDA:3,(anonymous_3)
FNDA:2,(anonymous_4)
DA:1,3
DA:2,3
DA:4,3
DA:5,8
DA:6,8
DA:7,8
DA:8,6
DA:14,2
DA:15,1
DA:22,1
DA:30,3
DA:32,2
DA:33,2
DA:34,1
DA:40,1
DA:41,1
DA:48,3
DA:49,2
DA:50,2
DA:51,1
DA:57,1
DA:64,3
DA:65,3
DA:66,3
DA:67,3
DA:68,1
DA:74,2
DA:75,1
DA:81,1
DA:82,1
DA:89,3
DA:90,2
DA:91,2
DA:92,1
DA:94,1
DA:102,3
LF:36
LH:36
BRDA:14,0,0,1
BRDA:14,0,1,1
BRDA:40,1,0,1
BRDA:40,1,1,0
BRDA:74,2,0,1
BRDA:74,2,1,1
BRDA:81,3,0,1
BRDA:81,3,1,0
BRF:8
BRH:6
end_of_record
TN:
SF:controllers/userController.js
FN:3,(anonymous_0)
FN:29,(anonymous_1)
FN:55,(anonymous_2)
FN:70,(anonymous_3)
FN:86,(anonymous_4)
FN:101,(anonymous_5)
FN:117,(anonymous_6)
FNF:7
FNH:7
FNDA:26,(anonymous_0)
FNDA:22,(anonymous_1)
FNDA:2,(anonymous_2)
FNDA:1,(anonymous_3)
FNDA:2,(anonymous_4)
FNDA:2,(anonymous_5)
FNDA:1,(anonymous_6)
DA:1,3
DA:3,3
DA:4,26
DA:5,26
DA:6,26
DA:7,22
DA:14,4
DA:15,2
DA:22,2
DA:29,3
DA:30,22
DA:31,22
DA:32,22
DA:33,19
DA:40,3
DA:41,2
DA:48,1
DA:55,3
DA:56,2
DA:57,2
DA:58,1
DA:63,1
DA:70,3
DA:71,1
DA:72,1
DA:73,1
DA:78,0
DA:86,3
DA:87,2
DA:88,2
DA:89,1
DA:94,1
DA:101,3
DA:102,2
DA:103,2
DA:104,1
DA:110,1
DA:117,3
DA:118,1
DA:119,1
DA:120,1
DA:125,0
DA:134,3
LF:43
LH:41
BRDA:14,0,0,2
BRDA:14,0,1,2
BRDA:40,1,0,2
BRDA:40,1,1,1
BRF:4
BRH:4
end_of_record
TN:
SF:helpers/jwt.js
FN:7,(anonymous_0)
FNF:1
FNH:1
FNDA:20,(anonymous_0)
DA:1,4
DA:2,4
DA:5,4
DA:7,4
DA:8,20
DA:17,20
DA:20,4
LF:7
LH:7
BRF:0
BRH:0
end_of_record
TN:
SF:helpers/validationSchemas.js
FN:16,(anonymous_0)
FN:18,(anonymous_1)
FNF:2
FNH:2
FNDA:19,(anonymous_0)
FNDA:16,(anonymous_1)
DA:1,5
DA:2,5
DA:4,5
DA:10,5
DA:15,5
DA:16,19
DA:18,16
DA:22,5
DA:26,5
DA:35,5
DA:42,5
LF:11
LH:11
BRF:0
BRH:0
end_of_record
TN:
SF:middlewares/auth.js
FN:8,(anonymous_0)
FNF:1
FNH:1
FNDA:27,(anonymous_0)
DA:1,3
DA:2,3
DA:5,3
DA:8,3
DA:10,27
DA:11,1
DA:18,26
DA:19,26
DA:20,4
DA:23,26
DA:25,26
DA:27,23
DA:31,3
DA:32,1
DA:38,2
DA:47,23
LF:16
LH:16
BRDA:10,0,0,1
BRDA:10,0,1,26
BRDA:19,1,0,4
BRDA:19,1,1,22
BRDA:31,2,0,1
BRDA:31,2,1,2
BRF:6
BRH:6
end_of_record
TN:
SF:models/Competition.js
FNF:0
FNH:0
DA:1,4
DA:2,4
DA:4,4
DA:8,4
LF:4
LH:4
BRF:0
BRH:0
end_of_record
TN:
SF:models/Tournament.js
FNF:0
FNH:0
DA:1,4
DA:2,4
DA:4,4
DA:39,4
DA:40,4
DA:42,4
DA:45,4
LF:7
LH:7
BRF:0
BRH:0
end_of_record
TN:
SF:models/User.js
FNF:0
FNH:0
DA:1,5
DA:2,5
DA:4,5
DA:29,5
DA:30,5
DA:32,5
DA:35,5
LF:7
LH:7
BRF:0
BRH:0
end_of_record
TN:
SF:routes/tournament.routes.js
FNF:0
FNH:0
DA:1,3
DA:2,3
DA:3,3
DA:4,3
DA:7,3
DA:8,3
DA:9,3
DA:10,3
DA:11,3
DA:13,3
LF:10
LH:10
BRF:0
BRH:0
end_of_record
TN:
SF:routes/user.routes.js
FNF:0
FNH:0
DA:2,3
DA:4,3
DA:6,3
DA:7,3
DA:9,3
DA:10,3
DA:11,3
DA:12,3
DA:13,3
DA:14,3
DA:15,3
DA:17,3
LF:12
LH:12
BRF:0
BRH:0
end_of_record
TN:
SF:services/tournamentService.js
FN:6,(anonymous_0)
FN:13,(anonymous_1)
FN:23,(anonymous_2)
FN:49,(anonymous_3)
FN:60,(anonymous_4)
FN:75,(anonymous_5)
FNF:6
FNH:6
FNDA:4,(anonymous_0)
FNDA:2,(anonymous_1)
FNDA:19,(anonymous_2)
FNDA:4,(anonymous_3)
FNDA:6,(anonymous_4)
FNDA:5,(anonymous_5)
DA:1,4
DA:2,4
DA:3,4
DA:4,4
DA:6,4
DA:7,4
DA:9,4
DA:10,2
DA:13,2
DA:14,2
DA:15,2
DA:16,2
DA:20,2
DA:23,4
DA:24,19
DA:25,19
DA:26,17
DA:27,17
DA:28,1
DA:31,16
DA:32,16
DA:33,1
DA:36,15
DA:37,15
DA:38,1
DA:41,14
DA:42,14
DA:43,14
DA:45,5
DA:49,4
DA:50,4
DA:51,3
DA:52,1
DA:53,1
DA:54,1
DA:56,2
DA:60,4
DA:61,6
DA:62,5
DA:63,4
DA:64,1
DA:65,1
DA:66,1
DA:68,3
DA:69,1
DA:71,2
DA:72,2
DA:75,4
DA:76,5
DA:77,5
DA:78,1
DA:80,4
DA:81,2
DA:83,2
DA:87,4
LF:55
LH:55
BRDA:9,0,0,2
BRDA:9,0,1,2
BRDA:9,1,0,4
BRDA:9,1,1,4
BRDA:27,2,0,1
BRDA:27,2,1,16
BRDA:32,3,0,1
BRDA:32,3,1,15
BRDA:37,4,0,1
BRDA:37,4,1,14
BRDA:51,5,0,1
BRDA:51,5,1,2
BRDA:63,6,0,1
BRDA:63,6,1,3
BRDA:68,7,0,1
BRDA:68,7,1,2
BRDA:77,8,0,1
BRDA:77,8,1,4
BRDA:80,9,0,2
BRDA:80,9,1,2
BRF:20
BRH:20
end_of_record
TN:
SF:services/userService.js
FN:6,(anonymous_0)
FN:24,(anonymous_1)
FN:40,(anonymous_2)
FN:45,(anonymous_3)
FN:54,(anonymous_4)
FN:65,(anonymous_5)
FN:77,(anonymous_6)
FN:89,(anonymous_7)
FNF:8
FNH:8
FNDA:42,(anonymous_0)
FNDA:28,(anonymous_1)
FNDA:4,(anonymous_2)
FNDA:4,(anonymous_3)
FNDA:4,(anonymous_4)
FNDA:6,(anonymous_5)
FNDA:4,(anonymous_6)
FNDA:3,(anonymous_7)
DA:1,4
DA:2,4
DA:3,4
DA:4,4
DA:6,4
DA:7,42
DA:8,35
DA:9,35
DA:10,2
DA:12,33
DA:13,33
DA:14,1
DA:16,32
DA:17,32
DA:18,32
DA:19,32
DA:20,32
DA:21,32
DA:24,4
DA:25,28
DA:26,23
DA:27,23
DA:28,2
DA:30,21
DA:31,21
DA:32,1
DA:34,20
DA:35,20
DA:36,20
DA:37,20
DA:40,4
DA:41,4
DA:42,4
DA:43,2
DA:45,2
DA:46,4
DA:47,4
DA:48,4
DA:49,4
DA:51,2
DA:54,4
DA:55,4
DA:56,3
DA:57,1
DA:59,2
DA:60,2
DA:61,2
DA:65,4
DA:66,6
DA:67,4
DA:68,2
DA:70,2
DA:71,2
DA:72,2
DA:73,2
DA:74,2
DA:77,4
DA:78,4
DA:79,3
DA:80,3
DA:81,1
DA:83,2
DA:84,2
DA:85,2
DA:89,4
DA:90,3
DA:91,3
DA:92,1
DA:94,2
DA:97,4
LF:70
LH:70
BRDA:9,0,0,2
BRDA:9,0,1,33
BRDA:13,1,0,1
BRDA:13,1,1,32
BRDA:27,2,0,2
BRDA:27,2,1,21
BRDA:31,3,0,1
BRDA:31,3,1,20
BRDA:42,4,0,2
BRDA:42,4,1,2
BRDA:42,5,0,4
BRDA:42,5,1,4
BRDA:56,6,0,1
BRDA:56,6,1,2
BRDA:67,7,0,2
BRDA:67,7,1,2
BRDA:80,8,0,1
BRDA:80,8,1,2
BRDA:91,9,0,1
BRDA:91,9,1,2
BRF:20
BRH:20
end_of_record
